#
# There is insufficient memory for the Java Runtime Environment to continue.
# Native memory allocation (malloc) failed to allocate 1527696 bytes for Chunk::new
# Possible reasons:
#   The system is out of physical RAM or swap space
#   The process is running with CompressedOops enabled, and the Java Heap may be blocking the growth of the native heap
# Possible solutions:
#   Reduce memory load on the system
#   Increase physical memory or swap space
#   Check if swap backing store is full
#   Decrease Java heap size (-Xmx/-Xms)
#   Decrease number of Java threads
#   Decrease Java thread stack sizes (-Xss)
#   Set larger code cache with -XX:ReservedCodeCacheSize=
#   JVM is running with Unscaled Compressed Oops mode in which the Java heap is
#     placed in the first 4GB address space. The Java Heap base address is the
#     maximum limit for the native heap growth. Please use -XX:HeapBaseMinAddress
#     to set the Java Heap base and to place the Java Heap above 4GB virtual address.
# This output file may be truncated or incomplete.
#
#  Out of Memory Error (allocation.cpp:389), pid=8904, tid=0x00000000000037c4
#
# JRE version: OpenJDK Runtime Environment (8.0_202-b03) (build 1.8.0_202-release-1483-b03)
# Java VM: OpenJDK 64-Bit Server VM (25.202-b03 mixed mode windows-amd64 compressed oops)
# Failed to write core dump. Minidumps are not enabled by default on client versions of Windows
#

---------------  T H R E A D  ---------------

Current thread (0x00000000162c3800):  JavaThread "C2 CompilerThread0" daemon [_thread_in_native, id=14276, stack(0x0000000017920000,0x0000000017a20000)]

Stack: [0x0000000017920000,0x0000000017a20000]
[error occurred during error reporting (printing stack bounds), id 0xc0000005]

Native frames: (J=compiled Java code, j=interpreted, Vv=VM code, C=native code)


Current CompileTask:
C2:1828957 19833       4       javax.management.ObjectName::construct (1228 bytes)


---------------  P R O C E S S  ---------------

Java Threads: ( => current thread )
  0x000000001f575800 JavaThread "stdout" [_thread_in_native, id=2720, stack(0x0000000028660000,0x0000000028760000)]
  0x000000001f579800 JavaThread "stderr" [_thread_in_native, id=9180, stack(0x0000000028560000,0x0000000028660000)]
  0x000000001f57c800 JavaThread "pool-12-thread-1" [_thread_blocked, id=7428, stack(0x0000000028460000,0x0000000028560000)]
  0x000000001f578800 JavaThread "WorkerExecutor Queue Thread 2" [_thread_blocked, id=284, stack(0x0000000028190000,0x0000000028290000)]
  0x000000001f57b800 JavaThread "WorkerExecutor Queue" [_thread_blocked, id=12080, stack(0x0000000028090000,0x0000000028190000)]
  0x000000001f57b000 JavaThread "Cache worker for execution history cache (C:\Users\Games\AndroidStudioProjects\.gradle\5.4.1\executionHistory)" [_thread_blocked, id=6056, stack(0x0000000028360000,0x0000000028460000)]
  0x000000001f56e000 JavaThread "Execution worker for ':' Thread 3" [_thread_blocked, id=13820, stack(0x0000000027f90000,0x0000000028090000)]
  0x000000001f573800 JavaThread "Execution worker for ':' Thread 2" [_thread_blocked, id=14240, stack(0x0000000027e90000,0x0000000027f90000)]
  0x000000001f56f000 JavaThread "Execution worker for ':'" [_thread_blocked, id=14948, stack(0x0000000027b90000,0x0000000027c90000)]
  0x000000001f572000 JavaThread "Cache worker for file content cache (C:\Users\Games\AndroidStudioProjects\.gradle\5.4.1\fileContent)" [_thread_blocked, id=12704, stack(0x0000000027a90000,0x0000000027b90000)]
  0x000000001f572800 JavaThread "Cache worker for Build Output Cleanup Cache (C:\Users\Games\AndroidStudioProjects\.gradle\buildOutputCleanup)" [_thread_blocked, id=10996, stack(0x00000000254e0000,0x00000000255e0000)]
  0x000000001f575000 JavaThread "Build operations Thread 4" [_thread_blocked, id=2592, stack(0x0000000024f70000,0x0000000025070000)]
  0x000000001f570800 JavaThread "Build operations Thread 3" [_thread_blocked, id=7888, stack(0x0000000024150000,0x0000000024250000)]
  0x000000001f574000 JavaThread "Build operations Thread 2" [_thread_blocked, id=15292, stack(0x0000000024050000,0x0000000024150000)]
  0x000000001f56f800 JavaThread "Build operations" [_thread_blocked, id=2828, stack(0x0000000023f50000,0x0000000024050000)]
  0x000000001f571000 JavaThread "Cache worker for cache directory md-rule (C:\Users\Games\.gradle\caches\5.4.1\md-rule)" [_thread_blocked, id=4740, stack(0x0000000021e50000,0x0000000021f50000)]
  0x0000000017dc9000 JavaThread "Cache worker for cache directory md-supplier (C:\Users\Games\.gradle\caches\5.4.1\md-supplier)" [_thread_blocked, id=6372, stack(0x0000000021150000,0x0000000021250000)]
  0x0000000017dc8800 JavaThread "Cache worker for file hash cache (C:\Users\Games\AndroidStudioProjects\.gradle\5.4.1\fileHashes)" [_thread_blocked, id=10400, stack(0x0000000020f50000,0x0000000021050000)]
  0x0000000017dc7800 JavaThread "Thread-117" [_thread_blocked, id=10560, stack(0x000000001fc60000,0x000000001fd60000)]
  0x0000000017dc5800 JavaThread "Stdin handler" [_thread_blocked, id=220, stack(0x000000001e2f0000,0x000000001e3f0000)]
  0x0000000017dc4800 JavaThread "Asynchronous log dispatcher for DefaultDaemonConnection: socket connection from /127.0.0.1:61111 to /127.0.0.1:62349" [_thread_blocked, id=7132, stack(0x000000001ab80000,0x000000001ac80000)]
  0x0000000017dca000 JavaThread "Daemon worker Thread 6" [_thread_blocked, id=14060, stack(0x000000001a980000,0x000000001aa80000)]
  0x0000000017dbb800 JavaThread "Cancel handler" [_thread_blocked, id=13964, stack(0x000000001a880000,0x000000001a980000)]
  0x0000000017dc2800 JavaThread "Handler for socket connection from /127.0.0.1:61111 to /127.0.0.1:62349" [_thread_in_native, id=8772, stack(0x000000001a780000,0x000000001a880000)]
  0x0000000017dbd000 JavaThread "Daemon Thread 6" [_thread_blocked, id=1504, stack(0x0000000000d10000,0x0000000000e10000)]
  0x000000001f577000 JavaThread "Cache worker for file content cache (C:\Users\Games\.gradle\caches\5.4.1\fileContent)" [_thread_blocked, id=6820, stack(0x0000000027790000,0x0000000027890000)]
  0x0000000017dbc000 JavaThread "Memory manager" [_thread_blocked, id=192, stack(0x000000001aa80000,0x000000001ab80000)]
  0x0000000017dbe800 JavaThread "Cache worker for execution history cache (C:\Users\Games\.gradle\caches\5.4.1\executionHistory)" [_thread_blocked, id=15084, stack(0x0000000021250000,0x0000000021350000)]
  0x00000000195c5000 JavaThread "Cache worker for journal cache (C:\Users\Games\.gradle\caches\journal-1)" [_thread_blocked, id=14400, stack(0x000000001ae80000,0x000000001af80000)]
  0x00000000195c8800 JavaThread "File lock request listener" [_thread_in_native, id=5176, stack(0x000000001ad80000,0x000000001ae80000)]
  0x00000000195c8000 JavaThread "Cache worker for file hash cache (C:\Users\Games\.gradle\caches\5.4.1\fileHashes)" [_thread_blocked, id=8700, stack(0x000000001ac80000,0x000000001ad80000)]
  0x00000000193ff800 JavaThread "Daemon periodic checks" [_thread_blocked, id=4048, stack(0x000000001a280000,0x000000001a380000)]
  0x00000000193f8000 JavaThread "Incoming local TCP Connector on port 61111" [_thread_in_native, id=1376, stack(0x000000001a030000,0x000000001a130000)]
  0x00000000191ac000 JavaThread "Daemon health stats" [_thread_blocked, id=10640, stack(0x00000000199f0000,0x0000000019af0000)]
  0x000000001631e800 JavaThread "Service Thread" daemon [_thread_blocked, id=6124, stack(0x0000000018020000,0x0000000018120000)]
  0x00000000162cd000 JavaThread "C1 CompilerThread2" daemon [_thread_blocked, id=13360, stack(0x0000000017b20000,0x0000000017c20000)]
  0x00000000162ca000 JavaThread "C2 CompilerThread1" daemon [_thread_blocked, id=5564, stack(0x0000000017a20000,0x0000000017b20000)]
=>0x00000000162c3800 JavaThread "C2 CompilerThread0" daemon [_thread_in_native, id=14276, stack(0x0000000017920000,0x0000000017a20000)]
  0x00000000162c1000 JavaThread "Attach Listener" daemon [_thread_blocked, id=12324, stack(0x0000000017820000,0x0000000017920000)]
  0x00000000162c0000 JavaThread "Signal Dispatcher" daemon [_thread_blocked, id=14884, stack(0x0000000017720000,0x0000000017820000)]
  0x000000000294b000 JavaThread "Finalizer" daemon [_thread_blocked, id=9732, stack(0x0000000017510000,0x0000000017610000)]
  0x00000000162a9000 JavaThread "Reference Handler" daemon [_thread_blocked, id=9900, stack(0x0000000017410000,0x0000000017510000)]
  0x0000000000edd800 JavaThread "main" [_thread_blocked, id=14748, stack(0x0000000002750000,0x0000000002850000)]

Other Threads:
  0x0000000016285000 VMThread [stack: 0x0000000017310000,0x0000000017410000] [id=1824]
  0x0000000017c4b800 WatcherThread [stack: 0x0000000018120000,0x0000000018220000] [id=9800]

VM state:not at safepoint (normal execution)

VM Mutex/Monitor currently owned by a thread: None

heap address: 0x00000000a0000000, size: 1536 MB, Compressed Oops mode: 32-bit
Narrow klass base: 0x0000000000000000, Narrow klass shift: 3
Compressed class space size: 1073741824 Address: 0x0000000100000000

Heap:
 PSYoungGen      total 188928K, used 70284K [0x00000000e0000000, 0x00000000ed780000, 0x0000000100000000)
  eden space 171520K, 38% used [0x00000000e0000000,0x00000000e405f0b0,0x00000000ea780000)
  from space 17408K, 25% used [0x00000000ea780000,0x00000000eabc4020,0x00000000eb880000)
  to   space 16896K, 0% used [0x00000000ec700000,0x00000000ec700000,0x00000000ed780000)
 ParOldGen       total 102912K, used 77718K [0x00000000a0000000, 0x00000000a6480000, 0x00000000e0000000)
  object space 102912K, 75% used [0x00000000a0000000,0x00000000a4be5a30,0x00000000a6480000)
 Metaspace       used 104004K, capacity 108774K, committed 108928K, reserved 1144832K
  class space    used 12981K, capacity 13941K, committed 13952K, reserved 1048576K

Card table byte_map: [0x0000000011d10000,0x0000000012020000] byte_map_base: 0x0000000011810000

Marking Bits: (ParMarkBitMap*) 0x0000000059e19f30
 Begin Bits: [0x0000000012620000, 0x0000000013e20000)
 End Bits:   [0x0000000013e20000, 0x0000000015620000)

Polling page: 0x0000000000ea0000

CodeCache: size=245760Kb used=58070Kb max_used=58093Kb free=187689Kb
 bounds [0x0000000002950000, 0x0000000006260000, 0x0000000011950000]
 total_blobs=16569 nmethods=15697 adapters=783
 compilation: enabled

Compilation events (10 events):
Event: 1823.937 Thread 0x00000000162cd000 nmethod 19830 0x0000000006210750 code [0x00000000062108c0, 0x0000000006210a48]
Event: 1823.937 Thread 0x00000000162cd000 19831       3       org.gradle.launcher.daemon.registry.DaemonInfo::<init> (39 bytes)
Event: 1823.937 Thread 0x00000000162cd000 nmethod 19831 0x0000000006219710 code [0x0000000006219880, 0x0000000006219af0]
Event: 1823.937 Thread 0x00000000162cd000 19825       3       java.net.Inet6Address$Inet6AddressHolder::init (37 bytes)
Event: 1823.938 Thread 0x00000000162cd000 nmethod 19825 0x0000000006226850 code [0x00000000062269e0, 0x0000000006226d98]
Event: 1823.938 Thread 0x00000000162cd000 19826       3       java.net.Inet6Address$Inet6AddressHolder::setAddr (20 bytes)
Event: 1823.938 Thread 0x00000000162cd000 nmethod 19826 0x00000000062263d0 code [0x0000000006226540, 0x0000000006226788]
Event: 1826.439 Thread 0x00000000162ca000 19832       4       java.util.concurrent.locks.AbstractQueuedSynchronizer$ConditionObject::awaitNanos (156 bytes)
Event: 1826.461 Thread 0x00000000162ca000 nmethod 19832 0x000000000623ecd0 code [0x000000000623eee0, 0x0000000006240090]
Event: 1828.679 Thread 0x00000000162c3800 19833       4       javax.management.ObjectName::construct (1228 bytes)

GC Heap History (10 events):
Event: 1493.990 GC heap before
{Heap before GC invocations=76 (full 5):
 PSYoungGen      total 156672K, used 9493K [0x00000000e0000000, 0x00000000ebd80000, 0x0000000100000000)
  eden space 139264K, 0% used [0x00000000e0000000,0x00000000e0000000,0x00000000e8800000)
  from space 17408K, 54% used [0x00000000e8800000,0x00000000e9145478,0x00000000e9900000)
  to   space 17408K, 0% used [0x00000000eac80000,0x00000000eac80000,0x00000000ebd80000)
 ParOldGen       total 83456K, used 78466K [0x00000000a0000000, 0x00000000a5180000, 0x00000000e0000000)
  object space 83456K, 94% used [0x00000000a0000000,0x00000000a4ca0b20,0x00000000a5180000)
 Metaspace       used 100955K, capacity 105324K, committed 105472K, reserved 1140736K
  class space    used 12685K, capacity 13510K, committed 13568K, reserved 1048576K
Event: 1501.347 GC heap after
Heap after GC invocations=76 (full 5):
 PSYoungGen      total 156672K, used 0K [0x00000000e0000000, 0x00000000ebd80000, 0x0000000100000000)
  eden space 139264K, 0% used [0x00000000e0000000,0x00000000e0000000,0x00000000e8800000)
  from space 17408K, 0% used [0x00000000e8800000,0x00000000e8800000,0x00000000e9900000)
  to   space 17408K, 0% used [0x00000000eac80000,0x00000000eac80000,0x00000000ebd80000)
 ParOldGen       total 102912K, used 68065K [0x00000000a0000000, 0x00000000a6480000, 0x00000000e0000000)
  object space 102912K, 66% used [0x00000000a0000000,0x00000000a42784e8,0x00000000a6480000)
 Metaspace       used 100884K, capacity 105152K, committed 105472K, reserved 1140736K
  class space    used 12664K, capacity 13476K, committed 13568K, reserved 1048576K
}
Event: 1622.601 GC heap before
{Heap before GC invocations=77 (full 5):
 PSYoungGen      total 156672K, used 139264K [0x00000000e0000000, 0x00000000ebd80000, 0x0000000100000000)
  eden space 139264K, 100% used [0x00000000e0000000,0x00000000e8800000,0x00000000e8800000)
  from space 17408K, 0% used [0x00000000e8800000,0x00000000e8800000,0x00000000e9900000)
  to   space 17408K, 0% used [0x00000000eac80000,0x00000000eac80000,0x00000000ebd80000)
 ParOldGen       total 102912K, used 68065K [0x00000000a0000000, 0x00000000a6480000, 0x00000000e0000000)
  object space 102912K, 66% used [0x00000000a0000000,0x00000000a42784e8,0x00000000a6480000)
 Metaspace       used 101626K, capacity 106114K, committed 106368K, reserved 1142784K
  class space    used 12744K, capacity 13625K, committed 13696K, reserved 1048576K
Event: 1622.615 GC heap after
Heap after GC invocations=77 (full 5):
 PSYoungGen      total 167424K, used 8931K [0x00000000e0000000, 0x00000000eb880000, 0x0000000100000000)
  eden space 155136K, 0% used [0x00000000e0000000,0x00000000e0000000,0x00000000e9780000)
  from space 12288K, 72% used [0x00000000eac80000,0x00000000eb538d50,0x00000000eb880000)
  to   space 16896K, 0% used [0x00000000e9780000,0x00000000e9780000,0x00000000ea800000)
 ParOldGen       total 102912K, used 68073K [0x00000000a0000000, 0x00000000a6480000, 0x00000000e0000000)
  object space 102912K, 66% used [0x00000000a0000000,0x00000000a427a4e8,0x00000000a6480000)
 Metaspace       used 101626K, capacity 106114K, committed 106368K, reserved 1142784K
  class space    used 12744K, capacity 13625K, committed 13696K, reserved 1048576K
}
Event: 1628.990 GC heap before
{Heap before GC invocations=78 (full 5):
 PSYoungGen      total 167424K, used 164067K [0x00000000e0000000, 0x00000000eb880000, 0x0000000100000000)
  eden space 155136K, 100% used [0x00000000e0000000,0x00000000e9780000,0x00000000e9780000)
  from space 12288K, 72% used [0x00000000eac80000,0x00000000eb538d50,0x00000000eb880000)
  to   space 16896K, 0% used [0x00000000e9780000,0x00000000e9780000,0x00000000ea800000)
 ParOldGen       total 102912K, used 68073K [0x00000000a0000000, 0x00000000a6480000, 0x00000000e0000000)
  object space 102912K, 66% used [0x00000000a0000000,0x00000000a427a4e8,0x00000000a6480000)
 Metaspace       used 102452K, capacity 106886K, committed 107008K, reserved 1142784K
  class space    used 12829K, capacity 13707K, committed 13824K, reserved 1048576K
Event: 1629.056 GC heap after
Heap after GC invocations=78 (full 5):
 PSYoungGen      total 172032K, used 11905K [0x00000000e0000000, 0x00000000ecb80000, 0x0000000100000000)
  eden space 155136K, 0% used [0x00000000e0000000,0x00000000e0000000,0x00000000e9780000)
  from space 16896K, 70% used [0x00000000e9780000,0x00000000ea320678,0x00000000ea800000)
  to   space 17408K, 0% used [0x00000000eba80000,0x00000000eba80000,0x00000000ecb80000)
 ParOldGen       total 102912K, used 75266K [0x00000000a0000000, 0x00000000a6480000, 0x00000000e0000000)
  object space 102912K, 73% used [0x00000000a0000000,0x00000000a49808f0,0x00000000a6480000)
 Metaspace       used 102452K, capacity 106886K, committed 107008K, reserved 1142784K
  class space    used 12829K, capacity 13707K, committed 13824K, reserved 1048576K
}
Event: 1701.063 GC heap before
{Heap before GC invocations=79 (full 5):
 PSYoungGen      total 172032K, used 167041K [0x00000000e0000000, 0x00000000ecb80000, 0x0000000100000000)
  eden space 155136K, 100% used [0x00000000e0000000,0x00000000e9780000,0x00000000e9780000)
  from space 16896K, 70% used [0x00000000e9780000,0x00000000ea320678,0x00000000ea800000)
  to   space 17408K, 0% used [0x00000000eba80000,0x00000000eba80000,0x00000000ecb80000)
 ParOldGen       total 102912K, used 75266K [0x00000000a0000000, 0x00000000a6480000, 0x00000000e0000000)
  object space 102912K, 73% used [0x00000000a0000000,0x00000000a49808f0,0x00000000a6480000)
 Metaspace       used 103613K, capacity 108296K, committed 108416K, reserved 1144832K
  class space    used 12952K, capacity 13888K, committed 13952K, reserved 1048576K
Event: 1701.138 GC heap after
Heap after GC invocations=79 (full 5):
 PSYoungGen      total 186880K, used 3812K [0x00000000e0000000, 0x00000000ec980000, 0x0000000100000000)
  eden space 171520K, 0% used [0x00000000e0000000,0x00000000e0000000,0x00000000ea780000)
  from space 15360K, 24% used [0x00000000eba80000,0x00000000ebe390f0,0x00000000ec980000)
  to   space 17408K, 0% used [0x00000000ea780000,0x00000000ea780000,0x00000000eb880000)
 ParOldGen       total 102912K, used 76427K [0x00000000a0000000, 0x00000000a6480000, 0x00000000e0000000)
  object space 102912K, 74% used [0x00000000a0000000,0x00000000a4aa2cc8,0x00000000a6480000)
 Metaspace       used 103613K, capacity 108296K, committed 108416K, reserved 1144832K
  class space    used 12952K, capacity 13888K, committed 13952K, reserved 1048576K
}
Event: 1813.144 GC heap before
{Heap before GC invocations=80 (full 5):
 PSYoungGen      total 186880K, used 175332K [0x00000000e0000000, 0x00000000ec980000, 0x0000000100000000)
  eden space 171520K, 100% used [0x00000000e0000000,0x00000000ea780000,0x00000000ea780000)
  from space 15360K, 24% used [0x00000000eba80000,0x00000000ebe390f0,0x00000000ec980000)
  to   space 17408K, 0% used [0x00000000ea780000,0x00000000ea780000,0x00000000eb880000)
 ParOldGen       total 102912K, used 76427K [0x00000000a0000000, 0x00000000a6480000, 0x00000000e0000000)
  object space 102912K, 74% used [0x00000000a0000000,0x00000000a4aa2cc8,0x00000000a6480000)
 Metaspace       used 103960K, capacity 108710K, committed 108928K, reserved 1144832K
  class space    used 12980K, capacity 13941K, committed 13952K, reserved 1048576K
Event: 1813.154 GC heap after
Heap after GC invocations=80 (full 5):
 PSYoungGen      total 188928K, used 4368K [0x00000000e0000000, 0x00000000ed780000, 0x0000000100000000)
  eden space 171520K, 0% used [0x00000000e0000000,0x00000000e0000000,0x00000000ea780000)
  from space 17408K, 25% used [0x00000000ea780000,0x00000000eabc4020,0x00000000eb880000)
  to   space 16896K, 0% used [0x00000000ec700000,0x00000000ec700000,0x00000000ed780000)
 ParOldGen       total 102912K, used 77718K [0x00000000a0000000, 0x00000000a6480000, 0x00000000e0000000)
  object space 102912K, 75% used [0x00000000a0000000,0x00000000a4be5a30,0x00000000a6480000)
 Metaspace       used 103960K, capacity 108710K, committed 108928K, reserved 1144832K
  class space    used 12980K, capacity 13941K, committed 13952K, reserved 1048576K
}

Deoptimization events (10 events):
Event: 1704.011 Thread 0x000000001f57b800 Uncommon trap: reason=unstable_if action=reinterpret pc=0x000000000454559c method=org.gradle.internal.snapshot.MerkleDirectorySnapshotBuilder.postVisitDirectory(Z)Z @ 54
Event: 1704.179 Thread 0x000000001f57c800 Uncommon trap: reason=class_check action=maybe_recompile pc=0x0000000005a23c2c method=org.gradle.api.internal.artifacts.transform.DefaultTransformationNodeRegistry.unpackTransformation(Lorg/gradle/api/internal/artifacts/transform/Transformation;)Ljava/uti
Event: 1730.243 Thread 0x0000000017dbb800 Uncommon trap: reason=unstable_if action=reinterpret pc=0x0000000004afb6f0 method=org.gradle.internal.operations.DefaultBuildOperationExecutor$3.stop()V @ 61
Event: 1812.891 Thread 0x0000000017dca000 Uncommon trap: reason=speculate_class_check action=maybe_recompile pc=0x0000000005b648d4 method=com.google.common.collect.ImmutableList.listIterator()Lcom/google/common/collect/UnmodifiableListIterator; @ 2
Event: 1812.903 Thread 0x0000000017dca000 Uncommon trap: reason=null_check action=make_not_entrant pc=0x0000000005d92460 method=org.gradle.api.internal.collections.CollectionFilter.filter(Ljava/lang/Object;)Ljava/lang/Object; @ 5
Event: 1813.616 Thread 0x0000000017dca000 Uncommon trap: reason=class_check action=maybe_recompile pc=0x00000000061cdc84 method=java.util.stream.AbstractPipeline.wrapAndCopyInto(Ljava/util/stream/Sink;Ljava/util/Spliterator;)Ljava/util/stream/Sink; @ 6
Event: 1813.616 Thread 0x0000000017dca000 Uncommon trap: reason=class_check action=maybe_recompile pc=0x00000000061cdc84 method=java.util.stream.AbstractPipeline.wrapAndCopyInto(Ljava/util/stream/Sink;Ljava/util/Spliterator;)Ljava/util/stream/Sink; @ 6
Event: 1813.616 Thread 0x0000000017dca000 Uncommon trap: reason=class_check action=maybe_recompile pc=0x00000000061cdc84 method=java.util.stream.AbstractPipeline.wrapAndCopyInto(Ljava/util/stream/Sink;Ljava/util/Spliterator;)Ljava/util/stream/Sink; @ 6
Event: 1813.616 Thread 0x0000000017dca000 Uncommon trap: reason=class_check action=maybe_recompile pc=0x00000000061cdc84 method=java.util.stream.AbstractPipeline.wrapAndCopyInto(Ljava/util/stream/Sink;Ljava/util/Spliterator;)Ljava/util/stream/Sink; @ 6
Event: 1814.441 Thread 0x000000001f56f000 Uncommon trap: reason=class_check action=maybe_recompile pc=0x0000000005a7708c method=org.gradle.api.internal.artifacts.transform.DefaultTransformationNodeRegistry.unpackTransformation(Lorg/gradle/api/internal/artifacts/transform/Transformation;)Ljava/uti

Classes redefined (0 events):
No events

Internal exceptions (10 events):
Event: 1702.286 Thread 0x000000001f57c800 Implicit null exception at 0x00000000050be364 to 0x00000000050bebed
Event: 1702.305 Thread 0x000000001f57c800 Implicit null exception at 0x0000000002b9cbda to 0x0000000002b9cc2d
Event: 1702.318 Thread 0x000000001f57c800 Implicit null exception at 0x0000000005ef5b51 to 0x0000000005ef7091
Event: 1702.890 Thread 0x000000001f57c800 Implicit null exception at 0x0000000005e0cc2a to 0x0000000005e0cf81
Event: 1704.063 Thread 0x000000001f57b800 Exception <a 'sun/nio/fs/WindowsException'> (0x00000000e7b87648) thrown at [D:\src\AOSP-openjdk-cygwin\jdk8u\hotspot\src\share\vm\prims\jni.cpp, line 710]
Event: 1730.243 Thread 0x0000000017dbb800 Exception <a 'java/io/IOException'> (0x00000000e81fa550) thrown at [D:\src\AOSP-openjdk-cygwin\jdk8u\hotspot\src\share\vm\prims\jni.cpp, line 710]
Event: 1730.244 Thread 0x000000001f57c800 Exception <a 'java/lang/reflect/InvocationTargetException'> (0x00000000e81193a0) thrown at [D:\src\AOSP-openjdk-cygwin\jdk8u\hotspot\src\share\vm\runtime\reflection.cpp, line 1092]
Event: 1730.332 Thread 0x000000001f575000 Exception <a 'sun/nio/fs/WindowsException'> (0x00000000e862d888) thrown at [D:\src\AOSP-openjdk-cygwin\jdk8u\hotspot\src\share\vm\prims\jni.cpp, line 710]
Event: 1812.598 Thread 0x0000000017dc2800 Exception <a 'java/lang/NoSuchMethodError': <clinit>> (0x00000000e8b02380) thrown at [D:\src\AOSP-openjdk-cygwin\jdk8u\hotspot\src\share\vm\prims\jni.cpp, line 1614]
Event: 1812.903 Thread 0x0000000017dca000 Implicit null exception at 0x0000000005d9231f to 0x0000000005d9244d

Events (10 events):
Event: 1814.441 Thread 0x000000001f56f000 DEOPT UNPACKING pc=0x000000000299557b sp=0x0000000027c8a990 mode 2
Event: 1814.443 Executing VM operation: RevokeBias
Event: 1814.443 Executing VM operation: RevokeBias done
Event: 1814.446 Thread 0x000000001f57b800 Thread added: 0x000000001f57b800
Event: 1814.446 Thread 0x000000001f578800 Thread added: 0x000000001f578800
Event: 1814.447 Executing VM operation: RevokeBias
Event: 1814.447 Executing VM operation: RevokeBias done
Event: 1814.448 Thread 0x000000001f57c800 Thread added: 0x000000001f57c800
Event: 1814.478 Thread 0x000000001f579800 Thread added: 0x000000001f579800
Event: 1814.537 Thread 0x000000001f575800 Thread added: 0x000000001f575800


Dynamic libraries:
0x00007ff6d46e0000 - 0x00007ff6d4711000 	C:\Program Files\Android\Android Studio\jre\bin\java.exe
0x00007ffddaf00000 - 0x00007ffddb0f0000 	C:\WINDOWS\SYSTEM32\ntdll.dll
0x00007ffdda4e0000 - 0x00007ffdda592000 	C:\WINDOWS\System32\KERNEL32.DLL
0x00007ffdd8c80000 - 0x00007ffdd8f23000 	C:\WINDOWS\System32\KERNELBASE.dll
0x00007ffdd96a0000 - 0x00007ffdd9743000 	C:\WINDOWS\System32\ADVAPI32.dll
0x00007ffddab90000 - 0x00007ffddac2e000 	C:\WINDOWS\System32\msvcrt.dll
0x00007ffdd9a90000 - 0x00007ffdd9b27000 	C:\WINDOWS\System32\sechost.dll
0x00007ffdda5a0000 - 0x00007ffdda6c0000 	C:\WINDOWS\System32\RPCRT4.dll
0x00007ffdd9020000 - 0x00007ffdd91b4000 	C:\WINDOWS\System32\USER32.dll
0x00007ffdd7f40000 - 0x00007ffdd7f61000 	C:\WINDOWS\System32\win32u.dll
0x00007ffddab30000 - 0x00007ffddab56000 	C:\WINDOWS\System32\GDI32.dll
0x00007ffdd7f70000 - 0x00007ffdd8104000 	C:\WINDOWS\System32\gdi32full.dll
0x00007ffdd8bb0000 - 0x00007ffdd8c4e000 	C:\WINDOWS\System32\msvcp_win.dll
0x00007ffdd8110000 - 0x00007ffdd820a000 	C:\WINDOWS\System32\ucrtbase.dll
0x00007ffdd0690000 - 0x00007ffdd0915000 	C:\WINDOWS\WinSxS\amd64_microsoft.windows.common-controls_6595b64144ccf1df_6.0.18362.778_none_e6c6b761130d4fb8\COMCTL32.dll
0x00007ffdd9750000 - 0x00007ffdd9a86000 	C:\WINDOWS\System32\combase.dll
0x00007ffdd8f30000 - 0x00007ffdd8fb0000 	C:\WINDOWS\System32\bcryptPrimitives.dll
0x00007ffddab60000 - 0x00007ffddab8e000 	C:\WINDOWS\System32\IMM32.DLL
0x0000000059460000 - 0x0000000059532000 	C:\Program Files\Android\Android Studio\jre\jre\bin\msvcr100.dll
0x0000000059650000 - 0x0000000059e96000 	C:\Program Files\Android\Android Studio\jre\jre\bin\server\jvm.dll
0x00007ffdcb750000 - 0x00007ffdcb774000 	C:\WINDOWS\SYSTEM32\WINMM.dll
0x00007ffdd2bb0000 - 0x00007ffdd2bba000 	C:\WINDOWS\SYSTEM32\VERSION.dll
0x00007ffdd2610000 - 0x00007ffdd2619000 	C:\WINDOWS\SYSTEM32\WSOCK32.dll
0x00007ffdd91c0000 - 0x00007ffdd922f000 	C:\WINDOWS\System32\WS2_32.dll
0x00007ffdcb720000 - 0x00007ffdcb74d000 	C:\WINDOWS\SYSTEM32\winmmbase.dll
0x00007ffdd8b60000 - 0x00007ffdd8baa000 	C:\WINDOWS\System32\cfgmgr32.dll
0x00007ffdd9b30000 - 0x00007ffdd9b38000 	C:\WINDOWS\System32\PSAPI.DLL
0x00007ffdc82d0000 - 0x00007ffdc82df000 	C:\Program Files\Android\Android Studio\jre\jre\bin\verify.dll
0x00007ffdc34b0000 - 0x00007ffdc34d9000 	C:\Program Files\Android\Android Studio\jre\jre\bin\java.dll
0x00007ffdc3b10000 - 0x00007ffdc3b26000 	C:\Program Files\Android\Android Studio\jre\jre\bin\zip.dll
0x00007ffdd9b40000 - 0x00007ffdda225000 	C:\WINDOWS\System32\SHELL32.dll
0x00007ffddac30000 - 0x00007ffddacd9000 	C:\WINDOWS\System32\shcore.dll
0x00007ffdd83e0000 - 0x00007ffdd8b60000 	C:\WINDOWS\System32\windows.storage.dll
0x00007ffdd7e10000 - 0x00007ffdd7e33000 	C:\WINDOWS\System32\profapi.dll
0x00007ffdd7e40000 - 0x00007ffdd7e8a000 	C:\WINDOWS\System32\powrprof.dll
0x00007ffdd7dc0000 - 0x00007ffdd7dd0000 	C:\WINDOWS\System32\UMPDC.dll
0x00007ffdda370000 - 0x00007ffdda3c2000 	C:\WINDOWS\System32\shlwapi.dll
0x00007ffdd7df0000 - 0x00007ffdd7e01000 	C:\WINDOWS\System32\kernel.appcore.dll
0x00007ffdd83c0000 - 0x00007ffdd83d7000 	C:\WINDOWS\System32\cryptsp.dll
0x00007ffdc31a0000 - 0x00007ffdc31ba000 	C:\Program Files\Android\Android Studio\jre\jre\bin\net.dll
0x00007ffdd75d0000 - 0x00007ffdd7637000 	C:\WINDOWS\system32\mswsock.dll
0x00007ffdc2fc0000 - 0x00007ffdc2fd1000 	C:\Program Files\Android\Android Studio\jre\jre\bin\nio.dll
0x00007ffdc1180000 - 0x00007ffdc11a6000 	C:\Users\Games\.gradle\native\29\windows-amd64\native-platform.dll
0x00007ffdc6360000 - 0x00007ffdc636d000 	C:\Program Files\Android\Android Studio\jre\jre\bin\management.dll
0x00007ffdd7140000 - 0x00007ffdd7173000 	C:\WINDOWS\system32\rsaenh.dll
0x00007ffdd8c50000 - 0x00007ffdd8c76000 	C:\WINDOWS\System32\bcrypt.dll
0x00007ffdd7ce0000 - 0x00007ffdd7d05000 	C:\WINDOWS\SYSTEM32\USERENV.dll
0x00007ffdd77a0000 - 0x00007ffdd77ac000 	C:\WINDOWS\SYSTEM32\CRYPTBASE.dll
0x00007ffdd72e0000 - 0x00007ffdd731a000 	C:\WINDOWS\SYSTEM32\IPHLPAPI.DLL
0x00007ffdda3f0000 - 0x00007ffdda3f8000 	C:\WINDOWS\System32\NSI.dll
0x00007ffdd2fb0000 - 0x00007ffdd2fc6000 	C:\WINDOWS\SYSTEM32\dhcpcsvc6.DLL
0x00007ffdd11e0000 - 0x00007ffdd11fc000 	C:\WINDOWS\SYSTEM32\dhcpcsvc.DLL
0x00007ffdd7320000 - 0x00007ffdd73ea000 	C:\WINDOWS\SYSTEM32\DNSAPI.dll
0x00007ffdc1c60000 - 0x00007ffdc1c84000 	C:\Program Files\Android\Android Studio\jre\jre\bin\sunec.dll
0x00007ffdd35b0000 - 0x00007ffdd35ba000 	C:\Windows\System32\rasadhlp.dll
0x00007ffdd33f0000 - 0x00007ffdd3467000 	C:\WINDOWS\System32\fwpuclnt.dll
0x00007ffdc4020000 - 0x00007ffdc402b000 	C:\Program Files\Android\Android Studio\jre\jre\bin\sunmscapi.dll
0x00007ffdd8270000 - 0x00007ffdd83b9000 	C:\WINDOWS\System32\CRYPT32.dll
0x00007ffdd7dd0000 - 0x00007ffdd7de2000 	C:\WINDOWS\System32\MSASN1.dll
0x00007ffdd5f20000 - 0x00007ffdd5faf000 	C:\WINDOWS\system32\apphelp.dll

VM Arguments:
jvm_args: -Xmx1536m -Dfile.encoding=windows-1251 -Duser.country=RU -Duser.language=ru -Duser.variant 
java_command: org.gradle.launcher.daemon.bootstrap.GradleDaemon 5.4.1
java_class_path (initial): C:\Users\Games\.gradle\wrapper\dists\gradle-5.4.1-all\3221gyojl5jsh0helicew7rwx\gradle-5.4.1\lib\gradle-launcher-5.4.1.jar
Launcher Type: SUN_STANDARD

Environment Variables:
JAVA_HOME=C:\Program Files\Java\jdk-14.0.1\bin
PATH=C:\ProgramData\Oracle\Java\javapath;C:\WATCOM\BINNT;C:\WATCOM\BINW;C:\WINDOWS\system32;C:\WINDOWS;C:\WINDOWS\System32\Wbem;C:\WINDOWS\System32\WindowsPowerShell\v1.0\;C:\WINDOWS\System32\OpenSSH\;C:\Program Files\dotnet\;C:\Program Files\Microsoft SQL Server\130\Tools\Binn\;C:\Program Files\TortoiseGit\bin;C:\Program Files\Git\cmd;C:\Program Files\PuTTY\;C:\Program Files\Microsoft SQL Server\Client SDK\ODBC\170\Tools\Binn\;C:\Program Files (x86)\NVIDIA Corporation\PhysX\Common;C:\Program Files\NVIDIA Corporation\NVIDIA NvDLISR;C:\Program Files\Java\jdk-14.0.1\bin
USERNAME=Games
OS=Windows_NT
PROCESSOR_IDENTIFIER=Intel64 Family 6 Model 60 Stepping 3, GenuineIntel



---------------  S Y S T E M  ---------------

OS: Windows 10.0 , 64 bit Build 18362 (10.0.18362.778)

CPU:total 4 (initial active 4) (4 cores per cpu, 1 threads per core) family 6 model 60 stepping 3, cmov, cx8, fxsr, mmx, sse, sse2, sse3, ssse3, sse4.1, sse4.2, popcnt, avx, avx2, clmul, erms, lzcnt, tsc, tscinvbit, bmi1, bmi2

Memory: 4k page, physical 4136760k(278012k free), swap 13049656k(1956k free)

vm_info: OpenJDK 64-Bit Server VM (25.202-b03) for windows-amd64 JRE (1.8.0_202-release-1483-b03), built by "builder" with MS VC++ 10.0 (VS2010)

time: Sat May 02 21:16:09 2020
timezone: Новосибирское стандартное время
elapsed time: 1829 seconds (0d 0h 30m 29s)

