#
# There is insufficient memory for the Java Runtime Environment to continue.
# Native memory allocation (malloc) failed to allocate 1005888 bytes for Chunk::new
# Possible reasons:
#   The system is out of physical RAM or swap space
#   The process is running with CompressedOops enabled, and the Java Heap may be blocking the growth of the native heap
# Possible solutions:
#   Reduce memory load on the system
#   Increase physical memory or swap space
#   Check if swap backing store is full
#   Decrease Java heap size (-Xmx/-Xms)
#   Decrease number of Java threads
#   Decrease Java thread stack sizes (-Xss)
#   Set larger code cache with -XX:ReservedCodeCacheSize=
#   JVM is running with Unscaled Compressed Oops mode in which the Java heap is
#     placed in the first 4GB address space. The Java Heap base address is the
#     maximum limit for the native heap growth. Please use -XX:HeapBaseMinAddress
#     to set the Java Heap base and to place the Java Heap above 4GB virtual address.
# This output file may be truncated or incomplete.
#
#  Out of Memory Error (allocation.cpp:389), pid=1716, tid=0x00000000000014b0
#
# JRE version: OpenJDK Runtime Environment (8.0_202-b03) (build 1.8.0_202-release-1483-b03)
# Java VM: OpenJDK 64-Bit Server VM (25.202-b03 mixed mode windows-amd64 compressed oops)
# Failed to write core dump. Minidumps are not enabled by default on client versions of Windows
#

---------------  T H R E A D  ---------------

Current thread (0x00000000160c3800):  JavaThread "C2 CompilerThread0" daemon [_thread_in_native, id=5296, stack(0x0000000017740000,0x0000000017840000)]

Stack: [0x0000000017740000,0x0000000017840000]
[error occurred during error reporting (printing stack bounds), id 0xc0000005]

Native frames: (J=compiled Java code, j=interpreted, Vv=VM code, C=native code)


Current CompileTask:
C2:  23671 11593       4       com.android.tools.r8.ir.code.Phi::a (339 bytes)


---------------  P R O C E S S  ---------------

Java Threads: ( => current thread )
  0x000000001f71d800 JavaThread "WorkerExecutor Queue Thread 3" [_thread_blocked, id=2944, stack(0x0000000024b60000,0x0000000024c60000)]
  0x000000001f718800 JavaThread "stdout" [_thread_in_native, id=14332, stack(0x0000000024e60000,0x0000000024f60000)]
  0x000000001f71b800 JavaThread "stderr" [_thread_in_native, id=11836, stack(0x0000000024d60000,0x0000000024e60000)]
  0x000000001fe2e800 JavaThread "pool-2-thread-1" [_thread_blocked, id=12568, stack(0x0000000024c60000,0x0000000024d60000)]
  0x000000001fe33000 JavaThread "WorkerExecutor Queue" [_thread_blocked, id=13792, stack(0x0000000023720000,0x0000000023820000)]
  0x000000001fe2f000 JavaThread "Cache worker for execution history cache (C:\Users\Games\AndroidStudioProjects\.gradle\5.4.1\executionHistory)" [_thread_blocked, id=10764, stack(0x00000000229e0000,0x0000000022ae0000)]
  0x000000001fe2b800 JavaThread "Execution worker for ':' Thread 3" [_thread_in_Java, id=11096, stack(0x0000000023a90000,0x0000000023b90000)]
  0x000000001fe2c000 JavaThread "Execution worker for ':' Thread 2" [_thread_in_Java, id=2508, stack(0x0000000023990000,0x0000000023a90000)]
  0x000000001fe31800 JavaThread "Execution worker for ':'" [_thread_blocked, id=5116, stack(0x0000000023890000,0x0000000023990000)]
  0x000000001fe2d800 JavaThread "Cache worker for file content cache (C:\Users\Games\AndroidStudioProjects\.gradle\5.4.1\fileContent)" [_thread_blocked, id=5112, stack(0x0000000022c20000,0x0000000022d20000)]
  0x000000001fe24000 JavaThread "Cache worker for file content cache (C:\Users\Games\.gradle\caches\5.4.1\fileContent)" [_thread_blocked, id=9296, stack(0x0000000022b20000,0x0000000022c20000)]
  0x000000001fe24800 JavaThread "Memory manager" [_thread_blocked, id=13164, stack(0x00000000224c0000,0x00000000225c0000)]
  0x000000001fe25800 JavaThread "Cache worker for Build Output Cleanup Cache (C:\Users\Games\AndroidStudioProjects\.gradle\buildOutputCleanup)" [_thread_blocked, id=7604, stack(0x0000000021dc0000,0x0000000021ec0000)]
  0x000000001fe2a800 JavaThread "Build operations Thread 4" [_thread_blocked, id=4880, stack(0x00000000216c0000,0x00000000217c0000)]
  0x000000001fe29000 JavaThread "Build operations Thread 3" [_thread_blocked, id=12312, stack(0x00000000215c0000,0x00000000216c0000)]
  0x000000001fe28800 JavaThread "Build operations Thread 2" [_thread_blocked, id=6300, stack(0x00000000214c0000,0x00000000215c0000)]
  0x000000001fe27000 JavaThread "Build operations" [_thread_blocked, id=11916, stack(0x00000000213c0000,0x00000000214c0000)]
  0x000000001fe26000 JavaThread "Cache worker for execution history cache (C:\Users\Games\.gradle\caches\5.4.1\executionHistory)" [_thread_blocked, id=11832, stack(0x00000000210c0000,0x00000000211c0000)]
  0x0000000019313000 JavaThread "Cache worker for cache directory md-rule (C:\Users\Games\.gradle\caches\5.4.1\md-rule)" [_thread_blocked, id=11904, stack(0x0000000020fc0000,0x00000000210c0000)]
  0x0000000019311800 JavaThread "Cache worker for cache directory md-supplier (C:\Users\Games\.gradle\caches\5.4.1\md-supplier)" [_thread_blocked, id=6380, stack(0x000000001ea70000,0x000000001eb70000)]
  0x0000000019316800 JavaThread "Cache worker for file hash cache (C:\Users\Games\AndroidStudioProjects\.gradle\5.4.1\fileHashes)" [_thread_blocked, id=13588, stack(0x000000001bf70000,0x000000001c070000)]
  0x0000000019314800 JavaThread "Cache worker for journal cache (C:\Users\Games\.gradle\caches\journal-1)" [_thread_blocked, id=13984, stack(0x000000001aca0000,0x000000001ada0000)]
  0x0000000019317800 JavaThread "File lock request listener" [_thread_in_native, id=1816, stack(0x000000001aba0000,0x000000001aca0000)]
  0x000000001931d800 JavaThread "Cache worker for file hash cache (C:\Users\Games\.gradle\caches\5.4.1\fileHashes)" [_thread_blocked, id=1012, stack(0x000000001aaa0000,0x000000001aba0000)]
  0x0000000018fb7000 JavaThread "Thread-9" [_thread_blocked, id=7452, stack(0x000000001a9a0000,0x000000001aaa0000)]
  0x0000000018fb6000 JavaThread "Stdin handler" [_thread_blocked, id=6624, stack(0x000000001a8a0000,0x000000001a9a0000)]
  0x0000000018fb3800 JavaThread "Asynchronous log dispatcher for DefaultDaemonConnection: socket connection from /127.0.0.1:62390 to /127.0.0.1:62391" [_thread_blocked, id=8108, stack(0x000000001a7a0000,0x000000001a8a0000)]
  0x00000000194e9000 JavaThread "Daemon worker" [_thread_in_native, id=4540, stack(0x000000001a6a0000,0x000000001a7a0000)]
  0x00000000194e8000 JavaThread "Cancel handler" [_thread_blocked, id=8892, stack(0x000000001a5a0000,0x000000001a6a0000)]
  0x0000000019151000 JavaThread "Handler for socket connection from /127.0.0.1:62390 to /127.0.0.1:62391" [_thread_in_native, id=10748, stack(0x000000001a2a0000,0x000000001a3a0000)]
  0x0000000019150800 JavaThread "Daemon" [_thread_blocked, id=5948, stack(0x000000001a1a0000,0x000000001a2a0000)]
  0x00000000193fb800 JavaThread "Daemon periodic checks" [_thread_blocked, id=6504, stack(0x000000001a0a0000,0x000000001a1a0000)]
  0x000000001925c800 JavaThread "Incoming local TCP Connector on port 62390" [_thread_in_native, id=8968, stack(0x0000000019e50000,0x0000000019f50000)]
  0x0000000018f65800 JavaThread "Daemon health stats" [_thread_blocked, id=6540, stack(0x0000000019810000,0x0000000019910000)]
  0x000000001611d800 JavaThread "Service Thread" daemon [_thread_blocked, id=3812, stack(0x0000000017e40000,0x0000000017f40000)]
  0x00000000160cf000 JavaThread "C1 CompilerThread2" daemon [_thread_in_native, id=5556, stack(0x0000000017940000,0x0000000017a40000)]
  0x00000000160ca000 JavaThread "C2 CompilerThread1" daemon [_thread_in_native, id=2040, stack(0x0000000017840000,0x0000000017940000)]
=>0x00000000160c3800 JavaThread "C2 CompilerThread0" daemon [_thread_in_native, id=5296, stack(0x0000000017740000,0x0000000017840000)]
  0x00000000160c1000 JavaThread "Attach Listener" daemon [_thread_blocked, id=12776, stack(0x0000000017640000,0x0000000017740000)]
  0x00000000160c0000 JavaThread "Signal Dispatcher" daemon [_thread_blocked, id=12028, stack(0x0000000017540000,0x0000000017640000)]
  0x000000000274b000 JavaThread "Finalizer" daemon [_thread_blocked, id=496, stack(0x0000000017330000,0x0000000017430000)]
  0x00000000160a9000 JavaThread "Reference Handler" daemon [_thread_blocked, id=11320, stack(0x0000000017230000,0x0000000017330000)]
  0x000000000264d800 JavaThread "main" [_thread_blocked, id=7660, stack(0x0000000002530000,0x0000000002630000)]

Other Threads:
  0x0000000016085000 VMThread [stack: 0x0000000017130000,0x0000000017230000] [id=9700]
  0x0000000017a6e000 WatcherThread [stack: 0x0000000017f40000,0x0000000018040000] [id=2948]

VM state:not at safepoint (normal execution)

VM Mutex/Monitor currently owned by a thread: None

OutOfMemory and StackOverflow Exception counts:
OutOfMemoryError java_heap_errors=1

heap address: 0x00000000a0000000, size: 1536 MB, Compressed Oops mode: 32-bit
Narrow klass base: 0x0000000000000000, Narrow klass shift: 3
Compressed class space size: 1073741824 Address: 0x0000000100000000

Heap:
 PSYoungGen      total 258048K, used 78349K [0x00000000e0000000, 0x00000000f1980000, 0x0000000100000000)
  eden space 233984K, 30% used [0x00000000e0000000,0x00000000e44e5248,0x00000000ee480000)
  from space 24064K, 32% used [0x00000000ee480000,0x00000000eec1e3a0,0x00000000efc00000)
  to   space 25088K, 0% used [0x00000000efc00000,0x00000000efc00000,0x00000000f1480000)
 ParOldGen       total 90624K, used 44809K [0x00000000a0000000, 0x00000000a5880000, 0x00000000e0000000)
  object space 90624K, 49% used [0x00000000a0000000,0x00000000a2bc2470,0x00000000a5880000)
 Metaspace       used 73222K, capacity 76386K, committed 76584K, reserved 1116160K
  class space    used 9866K, capacity 10493K, committed 10536K, reserved 1048576K

Card table byte_map: [0x0000000011b10000,0x0000000011e20000] byte_map_base: 0x0000000011610000

Marking Bits: (ParMarkBitMap*) 0x0000000059e19f30
 Begin Bits: [0x0000000012420000, 0x0000000013c20000)
 End Bits:   [0x0000000013c20000, 0x0000000015420000)

Polling page: 0x00000000005f0000

CodeCache: size=245760Kb used=34435Kb max_used=34435Kb free=211324Kb
 bounds [0x0000000002750000, 0x0000000004920000, 0x0000000011750000]
 total_blobs=11585 nmethods=10758 adapters=738
 compilation: enabled

Compilation events (10 events):
Event: 23.625 Thread 0x00000000160cf000 nmethod 12026 0x0000000003b12d10 code [0x0000000003b12e80, 0x0000000003b13148]
Event: 23.635 Thread 0x00000000160cf000 12027       2       com.google.common.cache.LocalCache$StrongValueReference::notifyNewValue (1 bytes)
Event: 23.635 Thread 0x00000000160cf000 nmethod 12027 0x000000000288d090 code [0x000000000288d1e0, 0x000000000288d330]
Event: 23.635 Thread 0x00000000160cf000 12028       2       org.gradle.internal.resources.AbstractTrackedResourceLock::unlock (61 bytes)
Event: 23.636 Thread 0x00000000160cf000 nmethod 12028 0x000000000490c510 code [0x000000000490c740, 0x000000000490cec8]
Event: 23.637 Thread 0x00000000160cf000 12029       2       java.util.concurrent.Executors::callable (22 bytes)
Event: 23.637 Thread 0x00000000160cf000 nmethod 12029 0x000000000490d690 code [0x000000000490d800, 0x000000000490da48]
Event: 23.637 Thread 0x00000000160cf000 12030       2       java.util.concurrent.Executors$RunnableAdapter::<init> (15 bytes)
Event: 23.637 Thread 0x00000000160cf000 nmethod 12030 0x000000000490db50 code [0x000000000490dca0, 0x000000000490de10]
Event: 23.638 Thread 0x00000000160cf000 12031       2       com.android.tools.r8.ir.analysis.type.ClassTypeLatticeElement::a (217 bytes)

GC Heap History (10 events):
Event: 10.661 GC heap before
{Heap before GC invocations=16 (full 3):
 PSYoungGen      total 179200K, used 2062K [0x00000000e0000000, 0x00000000eee80000, 0x0000000100000000)
  eden space 158720K, 0% used [0x00000000e0000000,0x00000000e0000000,0x00000000e9b00000)
  from space 20480K, 10% used [0x00000000e9b00000,0x00000000e9d03818,0x00000000eaf00000)
  to   space 20480K, 0% used [0x00000000eda80000,0x00000000eda80000,0x00000000eee80000)
 ParOldGen       total 56832K, used 36098K [0x00000000a0000000, 0x00000000a3780000, 0x00000000e0000000)
  object space 56832K, 63% used [0x00000000a0000000,0x00000000a23408d0,0x00000000a3780000)
 Metaspace       used 57416K, capacity 58980K, committed 59160K, reserved 1099776K
  class space    used 7829K, capacity 8242K, committed 8360K, reserved 1048576K
Event: 10.835 GC heap after
Heap after GC invocations=16 (full 3):
 PSYoungGen      total 179200K, used 0K [0x00000000e0000000, 0x00000000eee80000, 0x0000000100000000)
  eden space 158720K, 0% used [0x00000000e0000000,0x00000000e0000000,0x00000000e9b00000)
  from space 20480K, 0% used [0x00000000e9b00000,0x00000000e9b00000,0x00000000eaf00000)
  to   space 20480K, 0% used [0x00000000eda80000,0x00000000eda80000,0x00000000eee80000)
 ParOldGen       total 90624K, used 31967K [0x00000000a0000000, 0x00000000a5880000, 0x00000000e0000000)
  object space 90624K, 35% used [0x00000000a0000000,0x00000000a1f37dc8,0x00000000a5880000)
 Metaspace       used 57416K, capacity 58980K, committed 59160K, reserved 1099776K
  class space    used 7829K, capacity 8242K, committed 8360K, reserved 1048576K
}
Event: 14.629 GC heap before
{Heap before GC invocations=17 (full 3):
 PSYoungGen      total 179200K, used 158720K [0x00000000e0000000, 0x00000000eee80000, 0x0000000100000000)
  eden space 158720K, 100% used [0x00000000e0000000,0x00000000e9b00000,0x00000000e9b00000)
  from space 20480K, 0% used [0x00000000e9b00000,0x00000000e9b00000,0x00000000eaf00000)
  to   space 20480K, 0% used [0x00000000eda80000,0x00000000eda80000,0x00000000eee80000)
 ParOldGen       total 90624K, used 31967K [0x00000000a0000000, 0x00000000a5880000, 0x00000000e0000000)
  object space 90624K, 35% used [0x00000000a0000000,0x00000000a1f37dc8,0x00000000a5880000)
 Metaspace       used 61820K, capacity 63840K, committed 63912K, reserved 1103872K
  class space    used 8393K, capacity 8832K, committed 8872K, reserved 1048576K
Event: 14.646 GC heap after
Heap after GC invocations=17 (full 3):
 PSYoungGen      total 207360K, used 12556K [0x00000000e0000000, 0x00000000ee700000, 0x0000000100000000)
  eden space 194560K, 0% used [0x00000000e0000000,0x00000000e0000000,0x00000000ebe00000)
  from space 12800K, 98% used [0x00000000eda80000,0x00000000ee6c33b0,0x00000000ee700000)
  to   space 20992K, 0% used [0x00000000ebe00000,0x00000000ebe00000,0x00000000ed280000)
 ParOldGen       total 90624K, used 31975K [0x00000000a0000000, 0x00000000a5880000, 0x00000000e0000000)
  object space 90624K, 35% used [0x00000000a0000000,0x00000000a1f39dc8,0x00000000a5880000)
 Metaspace       used 61820K, capacity 63840K, committed 63912K, reserved 1103872K
  class space    used 8393K, capacity 8832K, committed 8872K, reserved 1048576K
}
Event: 21.895 GC heap before
{Heap before GC invocations=18 (full 3):
 PSYoungGen      total 207360K, used 207116K [0x00000000e0000000, 0x00000000ee700000, 0x0000000100000000)
  eden space 194560K, 100% used [0x00000000e0000000,0x00000000ebe00000,0x00000000ebe00000)
  from space 12800K, 98% used [0x00000000eda80000,0x00000000ee6c33b0,0x00000000ee700000)
  to   space 20992K, 0% used [0x00000000ebe00000,0x00000000ebe00000,0x00000000ed280000)
 ParOldGen       total 90624K, used 31975K [0x00000000a0000000, 0x00000000a5880000, 0x00000000e0000000)
  object space 90624K, 35% used [0x00000000a0000000,0x00000000a1f39dc8,0x00000000a5880000)
 Metaspace       used 71813K, capacity 74778K, committed 74920K, reserved 1114112K
  class space    used 9762K, capacity 10377K, committed 10408K, reserved 1048576K
Event: 21.921 GC heap after
Heap after GC invocations=18 (full 3):
 PSYoungGen      total 215552K, used 20964K [0x00000000e0000000, 0x00000000f1480000, 0x0000000100000000)
  eden space 194560K, 0% used [0x00000000e0000000,0x00000000e0000000,0x00000000ebe00000)
  from space 20992K, 99% used [0x00000000ebe00000,0x00000000ed2792e0,0x00000000ed280000)
  to   space 25088K, 0% used [0x00000000efc00000,0x00000000efc00000,0x00000000f1480000)
 ParOldGen       total 90624K, used 34966K [0x00000000a0000000, 0x00000000a5880000, 0x00000000e0000000)
  object space 90624K, 38% used [0x00000000a0000000,0x00000000a2225848,0x00000000a5880000)
 Metaspace       used 71813K, capacity 74778K, committed 74920K, reserved 1114112K
  class space    used 9762K, capacity 10377K, committed 10408K, reserved 1048576K
}
Event: 22.671 GC heap before
{Heap before GC invocations=19 (full 3):
 PSYoungGen      total 215552K, used 215524K [0x00000000e0000000, 0x00000000f1480000, 0x0000000100000000)
  eden space 194560K, 100% used [0x00000000e0000000,0x00000000ebe00000,0x00000000ebe00000)
  from space 20992K, 99% used [0x00000000ebe00000,0x00000000ed2792e0,0x00000000ed280000)
  to   space 25088K, 0% used [0x00000000efc00000,0x00000000efc00000,0x00000000f1480000)
 ParOldGen       total 90624K, used 34966K [0x00000000a0000000, 0x00000000a5880000, 0x00000000e0000000)
  object space 90624K, 38% used [0x00000000a0000000,0x00000000a2225848,0x00000000a5880000)
 Metaspace       used 72744K, capacity 75826K, committed 76072K, reserved 1114112K
  class space    used 9831K, capacity 10473K, committed 10536K, reserved 1048576K
Event: 22.691 GC heap after
Heap after GC invocations=19 (full 3):
 PSYoungGen      total 259072K, used 7532K [0x00000000e0000000, 0x00000000f1980000, 0x0000000100000000)
  eden space 233984K, 0% used [0x00000000e0000000,0x00000000e0000000,0x00000000ee480000)
  from space 25088K, 30% used [0x00000000efc00000,0x00000000f035b140,0x00000000f1480000)
  to   space 24064K, 0% used [0x00000000ee480000,0x00000000ee480000,0x00000000efc00000)
 ParOldGen       total 90624K, used 44801K [0x00000000a0000000, 0x00000000a5880000, 0x00000000e0000000)
  object space 90624K, 49% used [0x00000000a0000000,0x00000000a2bc0470,0x00000000a5880000)
 Metaspace       used 72744K, capacity 75826K, committed 76072K, reserved 1114112K
  class space    used 9831K, capacity 10473K, committed 10536K, reserved 1048576K
}
Event: 23.418 GC heap before
{Heap before GC invocations=20 (full 3):
 PSYoungGen      total 259072K, used 241516K [0x00000000e0000000, 0x00000000f1980000, 0x0000000100000000)
  eden space 233984K, 100% used [0x00000000e0000000,0x00000000ee480000,0x00000000ee480000)
  from space 25088K, 30% used [0x00000000efc00000,0x00000000f035b140,0x00000000f1480000)
  to   space 24064K, 0% used [0x00000000ee480000,0x00000000ee480000,0x00000000efc00000)
 ParOldGen       total 90624K, used 44801K [0x00000000a0000000, 0x00000000a5880000, 0x00000000e0000000)
  object space 90624K, 49% used [0x00000000a0000000,0x00000000a2bc0470,0x00000000a5880000)
 Metaspace       used 73086K, capacity 76300K, committed 76584K, reserved 1116160K
  class space    used 9861K, capacity 10488K, committed 10536K, reserved 1048576K
Event: 23.435 GC heap after
Heap after GC invocations=20 (full 3):
 PSYoungGen      total 258048K, used 7800K [0x00000000e0000000, 0x00000000f1980000, 0x0000000100000000)
  eden space 233984K, 0% used [0x00000000e0000000,0x00000000e0000000,0x00000000ee480000)
  from space 24064K, 32% used [0x00000000ee480000,0x00000000eec1e3a0,0x00000000efc00000)
  to   space 25088K, 0% used [0x00000000efc00000,0x00000000efc00000,0x00000000f1480000)
 ParOldGen       total 90624K, used 44809K [0x00000000a0000000, 0x00000000a5880000, 0x00000000e0000000)
  object space 90624K, 49% used [0x00000000a0000000,0x00000000a2bc2470,0x00000000a5880000)
 Metaspace       used 73086K, capacity 76300K, committed 76584K, reserved 1116160K
  class space    used 9861K, capacity 10488K, committed 10536K, reserved 1048576K
}

Deoptimization events (10 events):
Event: 22.988 Thread 0x000000001fe33000 Uncommon trap: reason=bimorphic action=maybe_recompile pc=0x0000000003e062f8 method=java.io.ObjectOutputStream$BlockDataOutputStream.drain()V @ 36
Event: 22.989 Thread 0x000000001fe33000 Uncommon trap: reason=bimorphic action=maybe_recompile pc=0x0000000003e062f8 method=java.io.ObjectOutputStream$BlockDataOutputStream.drain()V @ 36
Event: 22.989 Thread 0x000000001fe33000 Uncommon trap: reason=bimorphic action=maybe_recompile pc=0x0000000003e062f8 method=java.io.ObjectOutputStream$BlockDataOutputStream.drain()V @ 36
Event: 23.009 Thread 0x000000001fe33000 Uncommon trap: reason=bimorphic action=maybe_recompile pc=0x0000000003e062f8 method=java.io.ObjectOutputStream$BlockDataOutputStream.drain()V @ 36
Event: 23.009 Thread 0x000000001fe33000 Uncommon trap: reason=unstable_if action=reinterpret pc=0x000000000366705c method=java.io.ObjectOutputStream$BlockDataOutputStream.writeBytes(Ljava/lang/String;)V @ 22
Event: 23.588 Thread 0x000000001fe2c000 Uncommon trap: reason=unstable_if action=reinterpret pc=0x000000000401ef00 method=com.android.tools.r8.t.a.a.f.a(II[C)Ljava/lang/String; @ 32
Event: 23.588 Thread 0x000000001fe2c000 Uncommon trap: reason=unstable_if action=reinterpret pc=0x0000000003eb623c method=com.android.tools.r8.graph.DexString.<init>(Ljava/lang/String;)V @ 39
Event: 23.599 Thread 0x000000001fe2c000 Uncommon trap: reason=unstable_if action=reinterpret pc=0x0000000003ed93e0 method=com.android.tools.r8.t.a.a.f.a(II[C)Ljava/lang/String; @ 32
Event: 23.633 Thread 0x00000000194e9000 Uncommon trap: reason=class_check action=maybe_recompile pc=0x0000000002cbdb80 method=java.lang.Throwable.<init>(Ljava/lang/String;Ljava/lang/Throwable;)V @ 24
Event: 23.635 Thread 0x00000000194e9000 Uncommon trap: reason=class_check action=maybe_recompile pc=0x0000000002cbdb80 method=java.lang.Throwable.<init>(Ljava/lang/String;Ljava/lang/Throwable;)V @ 24

Classes redefined (0 events):
No events

Internal exceptions (10 events):
Event: 23.034 Thread 0x000000001fe2c000 Exception <a 'sun/nio/fs/WindowsException'> (0x00000000e489c8d0) thrown at [D:\src\AOSP-openjdk-cygwin\jdk8u\hotspot\src\share\vm\prims\jni.cpp, line 710]
Event: 23.084 Thread 0x000000001fe31800 Exception <a 'sun/nio/fs/WindowsException'> (0x00000000e5cd0230) thrown at [D:\src\AOSP-openjdk-cygwin\jdk8u\hotspot\src\share\vm\prims\jni.cpp, line 710]
Event: 23.123 Thread 0x000000001fe31800 Exception <a 'sun/nio/fs/WindowsException'> (0x00000000e6639750) thrown at [D:\src\AOSP-openjdk-cygwin\jdk8u\hotspot\src\share\vm\prims\jni.cpp, line 710]
Event: 23.138 Thread 0x000000001fe2c000 Exception <a 'sun/nio/fs/WindowsException'> (0x00000000e6aa7ed0) thrown at [D:\src\AOSP-openjdk-cygwin\jdk8u\hotspot\src\share\vm\prims\jni.cpp, line 710]
Event: 23.382 Thread 0x000000001fe2c000 Exception <a 'sun/nio/fs/WindowsException'> (0x00000000ed1c9a80) thrown at [D:\src\AOSP-openjdk-cygwin\jdk8u\hotspot\src\share\vm\prims\jni.cpp, line 710]
Event: 23.488 Thread 0x00000000194e9000 Exception <a 'sun/nio/fs/WindowsException'> (0x00000000e0c9b8b8) thrown at [D:\src\AOSP-openjdk-cygwin\jdk8u\hotspot\src\share\vm\prims\jni.cpp, line 710]
Event: 23.543 Thread 0x000000001fe31800 Exception <a 'sun/nio/fs/WindowsException'> (0x00000000e1b4f540) thrown at [D:\src\AOSP-openjdk-cygwin\jdk8u\hotspot\src\share\vm\prims\jni.cpp, line 710]
Event: 23.569 Thread 0x000000001fe2c000 Exception <a 'sun/nio/fs/WindowsException'> (0x00000000e21c26d0) thrown at [D:\src\AOSP-openjdk-cygwin\jdk8u\hotspot\src\share\vm\prims\jni.cpp, line 710]
Event: 23.623 Thread 0x000000001fe31800 Exception <a 'sun/nio/fs/WindowsException'> (0x00000000e35942b8) thrown at [D:\src\AOSP-openjdk-cygwin\jdk8u\hotspot\src\share\vm\prims\jni.cpp, line 710]
Event: 23.633 Thread 0x00000000194e9000 Exception <a 'java/lang/OutOfMemoryError'> (0x00000000e38d7ba0) thrown at [D:\src\AOSP-openjdk-cygwin\jdk8u\hotspot\src\share\vm\prims\jni.cpp, line 736]

Events (10 events):
Event: 23.633 loading class java/util/zip/DataFormatException
Event: 23.633 loading class java/util/zip/DataFormatException done
Event: 23.633 Thread 0x00000000194e9000 Uncommon trap: trap_request=0xffffffde fr.pc=0x0000000002cbdb80
Event: 23.633 Thread 0x00000000194e9000 DEOPT PACKING pc=0x0000000002cbdb80 sp=0x000000001a799710
Event: 23.633 Thread 0x00000000194e9000 DEOPT UNPACKING pc=0x000000000279557b sp=0x000000001a7996f8 mode 2
Event: 23.633 loading class org/gradle/internal/execution/steps/CatchExceptionStep$1
Event: 23.633 loading class org/gradle/internal/execution/steps/CatchExceptionStep$1 done
Event: 23.635 Thread 0x00000000194e9000 Uncommon trap: trap_request=0xffffffde fr.pc=0x0000000002cbdb80
Event: 23.635 Thread 0x00000000194e9000 DEOPT PACKING pc=0x0000000002cbdb80 sp=0x000000001a79a9b0
Event: 23.635 Thread 0x00000000194e9000 DEOPT UNPACKING pc=0x000000000279557b sp=0x000000001a79a998 mode 2


Dynamic libraries:
0x00007ff6d46e0000 - 0x00007ff6d4711000 	C:\Program Files\Android\Android Studio\jre\bin\java.exe
0x00007ffddaf00000 - 0x00007ffddb0f0000 	C:\WINDOWS\SYSTEM32\ntdll.dll
0x00007ffdda4e0000 - 0x00007ffdda592000 	C:\WINDOWS\System32\KERNEL32.DLL
0x00007ffdd8c80000 - 0x00007ffdd8f23000 	C:\WINDOWS\System32\KERNELBASE.dll
0x00007ffdd96a0000 - 0x00007ffdd9743000 	C:\WINDOWS\System32\ADVAPI32.dll
0x00007ffddab90000 - 0x00007ffddac2e000 	C:\WINDOWS\System32\msvcrt.dll
0x00007ffdd9a90000 - 0x00007ffdd9b27000 	C:\WINDOWS\System32\sechost.dll
0x00007ffdda5a0000 - 0x00007ffdda6c0000 	C:\WINDOWS\System32\RPCRT4.dll
0x00007ffdd9020000 - 0x00007ffdd91b4000 	C:\WINDOWS\System32\USER32.dll
0x00007ffdd7f40000 - 0x00007ffdd7f61000 	C:\WINDOWS\System32\win32u.dll
0x00007ffddab30000 - 0x00007ffddab56000 	C:\WINDOWS\System32\GDI32.dll
0x00007ffdd7f70000 - 0x00007ffdd8104000 	C:\WINDOWS\System32\gdi32full.dll
0x00007ffdd8bb0000 - 0x00007ffdd8c4e000 	C:\WINDOWS\System32\msvcp_win.dll
0x00007ffdd8110000 - 0x00007ffdd820a000 	C:\WINDOWS\System32\ucrtbase.dll
0x00007ffdd0690000 - 0x00007ffdd0915000 	C:\WINDOWS\WinSxS\amd64_microsoft.windows.common-controls_6595b64144ccf1df_6.0.18362.778_none_e6c6b761130d4fb8\COMCTL32.dll
0x00007ffdd9750000 - 0x00007ffdd9a86000 	C:\WINDOWS\System32\combase.dll
0x00007ffdd8f30000 - 0x00007ffdd8fb0000 	C:\WINDOWS\System32\bcryptPrimitives.dll
0x00007ffddab60000 - 0x00007ffddab8e000 	C:\WINDOWS\System32\IMM32.DLL
0x0000000059460000 - 0x0000000059532000 	C:\Program Files\Android\Android Studio\jre\jre\bin\msvcr100.dll
0x0000000059650000 - 0x0000000059e96000 	C:\Program Files\Android\Android Studio\jre\jre\bin\server\jvm.dll
0x00007ffdd9b30000 - 0x00007ffdd9b38000 	C:\WINDOWS\System32\PSAPI.DLL
0x00007ffdd2610000 - 0x00007ffdd2619000 	C:\WINDOWS\SYSTEM32\WSOCK32.dll
0x00007ffdcb750000 - 0x00007ffdcb774000 	C:\WINDOWS\SYSTEM32\WINMM.dll
0x00007ffdd2bb0000 - 0x00007ffdd2bba000 	C:\WINDOWS\SYSTEM32\VERSION.dll
0x00007ffdd91c0000 - 0x00007ffdd922f000 	C:\WINDOWS\System32\WS2_32.dll
0x00007ffdcb720000 - 0x00007ffdcb74d000 	C:\WINDOWS\SYSTEM32\WINMMBASE.dll
0x00007ffdd8b60000 - 0x00007ffdd8baa000 	C:\WINDOWS\System32\cfgmgr32.dll
0x00007ffdc82d0000 - 0x00007ffdc82df000 	C:\Program Files\Android\Android Studio\jre\jre\bin\verify.dll
0x00007ffdc34b0000 - 0x00007ffdc34d9000 	C:\Program Files\Android\Android Studio\jre\jre\bin\java.dll
0x00007ffdc3b10000 - 0x00007ffdc3b26000 	C:\Program Files\Android\Android Studio\jre\jre\bin\zip.dll
0x00007ffdd9b40000 - 0x00007ffdda225000 	C:\WINDOWS\System32\SHELL32.dll
0x00007ffddac30000 - 0x00007ffddacd9000 	C:\WINDOWS\System32\shcore.dll
0x00007ffdd83e0000 - 0x00007ffdd8b60000 	C:\WINDOWS\System32\windows.storage.dll
0x00007ffdd7e10000 - 0x00007ffdd7e33000 	C:\WINDOWS\System32\profapi.dll
0x00007ffdd7e40000 - 0x00007ffdd7e8a000 	C:\WINDOWS\System32\powrprof.dll
0x00007ffdd7dc0000 - 0x00007ffdd7dd0000 	C:\WINDOWS\System32\UMPDC.dll
0x00007ffdda370000 - 0x00007ffdda3c2000 	C:\WINDOWS\System32\shlwapi.dll
0x00007ffdd7df0000 - 0x00007ffdd7e01000 	C:\WINDOWS\System32\kernel.appcore.dll
0x00007ffdd83c0000 - 0x00007ffdd83d7000 	C:\WINDOWS\System32\cryptsp.dll
0x00007ffdc31a0000 - 0x00007ffdc31ba000 	C:\Program Files\Android\Android Studio\jre\jre\bin\net.dll
0x00007ffdd75d0000 - 0x00007ffdd7637000 	C:\WINDOWS\system32\mswsock.dll
0x00007ffdc2fc0000 - 0x00007ffdc2fd1000 	C:\Program Files\Android\Android Studio\jre\jre\bin\nio.dll
0x00007ffdc1180000 - 0x00007ffdc11a6000 	C:\Users\Games\.gradle\native\29\windows-amd64\native-platform.dll
0x00007ffdc6360000 - 0x00007ffdc636d000 	C:\Program Files\Android\Android Studio\jre\jre\bin\management.dll
0x00007ffdd7140000 - 0x00007ffdd7173000 	C:\WINDOWS\system32\rsaenh.dll
0x00007ffdd8c50000 - 0x00007ffdd8c76000 	C:\WINDOWS\System32\bcrypt.dll
0x00007ffdd7ce0000 - 0x00007ffdd7d05000 	C:\WINDOWS\SYSTEM32\USERENV.dll
0x00007ffdd77a0000 - 0x00007ffdd77ac000 	C:\WINDOWS\SYSTEM32\CRYPTBASE.dll
0x00007ffdd72e0000 - 0x00007ffdd731a000 	C:\WINDOWS\SYSTEM32\IPHLPAPI.DLL
0x00007ffdda3f0000 - 0x00007ffdda3f8000 	C:\WINDOWS\System32\NSI.dll
0x00007ffdd2fb0000 - 0x00007ffdd2fc6000 	C:\WINDOWS\SYSTEM32\dhcpcsvc6.DLL
0x00007ffdd11e0000 - 0x00007ffdd11fc000 	C:\WINDOWS\SYSTEM32\dhcpcsvc.DLL
0x00007ffdd7320000 - 0x00007ffdd73ea000 	C:\WINDOWS\SYSTEM32\DNSAPI.dll

VM Arguments:
jvm_args: -Xmx1536m -Dfile.encoding=windows-1251 -Duser.country=RU -Duser.language=ru -Duser.variant 
java_command: org.gradle.launcher.daemon.bootstrap.GradleDaemon 5.4.1
java_class_path (initial): C:\Users\Games\.gradle\wrapper\dists\gradle-5.4.1-all\3221gyojl5jsh0helicew7rwx\gradle-5.4.1\lib\gradle-launcher-5.4.1.jar
Launcher Type: SUN_STANDARD

Environment Variables:
JAVA_HOME=C:\Program Files\Java\jdk-14.0.1\bin
PATH=C:\ProgramData\Oracle\Java\javapath;C:\WATCOM\BINNT;C:\WATCOM\BINW;C:\WINDOWS\system32;C:\WINDOWS;C:\WINDOWS\System32\Wbem;C:\WINDOWS\System32\WindowsPowerShell\v1.0\;C:\WINDOWS\System32\OpenSSH\;C:\Program Files\dotnet\;C:\Program Files\Microsoft SQL Server\130\Tools\Binn\;C:\Program Files\TortoiseGit\bin;C:\Program Files\Git\cmd;C:\Program Files\PuTTY\;C:\Program Files\Microsoft SQL Server\Client SDK\ODBC\170\Tools\Binn\;C:\Program Files (x86)\NVIDIA Corporation\PhysX\Common;C:\Program Files\NVIDIA Corporation\NVIDIA NvDLISR;C:\Program Files\Java\jdk-14.0.1\bin
USERNAME=Games
OS=Windows_NT
PROCESSOR_IDENTIFIER=Intel64 Family 6 Model 60 Stepping 3, GenuineIntel



---------------  S Y S T E M  ---------------

OS: Windows 10.0 , 64 bit Build 18362 (10.0.18362.778)

CPU:total 4 (initial active 4) (4 cores per cpu, 1 threads per core) family 6 model 60 stepping 3, cmov, cx8, fxsr, mmx, sse, sse2, sse3, ssse3, sse4.1, sse4.2, popcnt, avx, avx2, clmul, erms, lzcnt, tsc, tscinvbit, bmi1, bmi2

Memory: 4k page, physical 4136760k(356672k free), swap 13049656k(2248k free)

vm_info: OpenJDK 64-Bit Server VM (25.202-b03) for windows-amd64 JRE (1.8.0_202-release-1483-b03), built by "builder" with MS VC++ 10.0 (VS2010)

time: Sat May 02 21:18:20 2020
timezone: Новосибирское стандартное время
elapsed time: 23 seconds (0d 0h 0m 23s)

