#
# There is insufficient memory for the Java Runtime Environment to continue.
# Native memory allocation (malloc) failed to allocate 1096496 bytes for Chunk::new
# Possible reasons:
#   The system is out of physical RAM or swap space
#   The process is running with CompressedOops enabled, and the Java Heap may be blocking the growth of the native heap
# Possible solutions:
#   Reduce memory load on the system
#   Increase physical memory or swap space
#   Check if swap backing store is full
#   Decrease Java heap size (-Xmx/-Xms)
#   Decrease number of Java threads
#   Decrease Java thread stack sizes (-Xss)
#   Set larger code cache with -XX:ReservedCodeCacheSize=
#   JVM is running with Unscaled Compressed Oops mode in which the Java heap is
#     placed in the first 4GB address space. The Java Heap base address is the
#     maximum limit for the native heap growth. Please use -XX:HeapBaseMinAddress
#     to set the Java Heap base and to place the Java Heap above 4GB virtual address.
# This output file may be truncated or incomplete.
#
#  Out of Memory Error (allocation.cpp:389), pid=5300, tid=0x0000000000000810
#
# JRE version: OpenJDK Runtime Environment (8.0_202-b03) (build 1.8.0_202-release-1483-b03)
# Java VM: OpenJDK 64-Bit Server VM (25.202-b03 mixed mode windows-amd64 compressed oops)
# Failed to write core dump. Minidumps are not enabled by default on client versions of Windows
#

---------------  T H R E A D  ---------------

Current thread (0x0000000016420800):  JavaThread "C2 CompilerThread1" daemon [_thread_in_native, id=2064, stack(0x0000000017b80000,0x0000000017c80000)]

Stack: [0x0000000017b80000,0x0000000017c80000]
[error occurred during error reporting (printing stack bounds), id 0xc0000005]

Native frames: (J=compiled Java code, j=interpreted, Vv=VM code, C=native code)


Current CompileTask:
C2:  53721 13942       4       com.android.tools.r8.ir.conversion.N::traceInstruction (259 bytes)


---------------  P R O C E S S  ---------------

Java Threads: ( => current thread )
  0x000000001c779000 JavaThread "WorkerExecutor Queue Thread 3" [_thread_blocked, id=8824, stack(0x0000000024bb0000,0x0000000024cb0000)]
  0x000000001c77b800 JavaThread "Cache worker for Java compile cache (C:\Users\Games\AndroidStudioProjects\.gradle\5.4.1\javaCompile)" [_thread_blocked, id=12348, stack(0x00000000242b0000,0x00000000243b0000)]
  0x000000001c77a800 JavaThread "Cache worker for Java compile cache (C:\Users\Games\.gradle\caches\5.4.1\javaCompile)" [_thread_blocked, id=13628, stack(0x0000000023db0000,0x0000000023eb0000)]
  0x0000000018810800 JavaThread "stdout" [_thread_in_native, id=11884, stack(0x00000000240b0000,0x00000000241b0000)]
  0x0000000018812800 JavaThread "stderr" [_thread_in_native, id=4720, stack(0x0000000023fb0000,0x00000000240b0000)]
  0x0000000018809000 JavaThread "pool-2-thread-1" [_thread_blocked, id=12240, stack(0x0000000023eb0000,0x0000000023fb0000)]
  0x0000000018808000 JavaThread "WorkerExecutor Queue" [_thread_in_native, id=14088, stack(0x0000000023cb0000,0x0000000023db0000)]
  0x0000000018809800 JavaThread "Cache worker for execution history cache (C:\Users\Games\AndroidStudioProjects\.gradle\5.4.1\executionHistory)" [_thread_blocked, id=3816, stack(0x00000000237b0000,0x00000000238b0000)]
  0x000000001880e000 JavaThread "Execution worker for ':' Thread 3" [_thread_in_Java, id=5952, stack(0x00000000234a0000,0x00000000235a0000)]
  0x0000000018804000 JavaThread "Execution worker for ':' Thread 2" [_thread_blocked, id=14972, stack(0x00000000233a0000,0x00000000234a0000)]
  0x0000000018805000 JavaThread "Execution worker for ':'" [_thread_in_Java, id=7296, stack(0x00000000232a0000,0x00000000233a0000)]
  0x0000000018807800 JavaThread "Cache worker for file content cache (C:\Users\Games\AndroidStudioProjects\.gradle\5.4.1\fileContent)" [_thread_blocked, id=15032, stack(0x0000000022bf0000,0x0000000022cf0000)]
  0x000000001880b000 JavaThread "Cache worker for file content cache (C:\Users\Games\.gradle\caches\5.4.1\fileContent)" [_thread_blocked, id=7436, stack(0x0000000022af0000,0x0000000022bf0000)]
  0x0000000018806800 JavaThread "Memory manager" [_thread_blocked, id=12052, stack(0x0000000022fa0000,0x00000000230a0000)]
  0x000000001880a800 JavaThread "Cache worker for Build Output Cleanup Cache (C:\Users\Games\AndroidStudioProjects\.gradle\buildOutputCleanup)" [_thread_blocked, id=10404, stack(0x0000000020050000,0x0000000020150000)]
  0x0000000018c37800 JavaThread "Build operations Thread 4" [_thread_blocked, id=4588, stack(0x000000001f950000,0x000000001fa50000)]
  0x0000000018c36800 JavaThread "Build operations Thread 3" [_thread_blocked, id=11752, stack(0x000000001f850000,0x000000001f950000)]
  0x0000000018c34800 JavaThread "Build operations Thread 2" [_thread_blocked, id=7164, stack(0x000000001f750000,0x000000001f850000)]
  0x0000000018c38000 JavaThread "Build operations" [_thread_blocked, id=8180, stack(0x000000001f650000,0x000000001f750000)]
  0x0000000018c35000 JavaThread "Cache worker for execution history cache (C:\Users\Games\.gradle\caches\5.4.1\executionHistory)" [_thread_blocked, id=8228, stack(0x000000001f150000,0x000000001f250000)]
  0x0000000018c39800 JavaThread "Cache worker for cache directory md-rule (C:\Users\Games\.gradle\caches\5.4.1\md-rule)" [_thread_blocked, id=15352, stack(0x000000001f050000,0x000000001f150000)]
  0x0000000018c39000 JavaThread "Cache worker for cache directory md-supplier (C:\Users\Games\.gradle\caches\5.4.1\md-supplier)" [_thread_blocked, id=9664, stack(0x000000001ef50000,0x000000001f050000)]
  0x000000001641d800 JavaThread "Cache worker for file hash cache (C:\Users\Games\AndroidStudioProjects\.gradle\5.4.1\fileHashes)" [_thread_blocked, id=6192, stack(0x000000001d480000,0x000000001d580000)]
  0x000000001641d000 JavaThread "Cache worker for journal cache (C:\Users\Games\.gradle\caches\journal-1)" [_thread_blocked, id=9572, stack(0x000000001afe0000,0x000000001b0e0000)]
  0x000000001641c000 JavaThread "File lock request listener" [_thread_in_native, id=1984, stack(0x000000001aee0000,0x000000001afe0000)]
  0x00000000196b7000 JavaThread "Cache worker for file hash cache (C:\Users\Games\.gradle\caches\5.4.1\fileHashes)" [_thread_blocked, id=8848, stack(0x000000001ade0000,0x000000001aee0000)]
  0x0000000019316000 JavaThread "Thread-9" [_thread_blocked, id=4852, stack(0x000000001ace0000,0x000000001ade0000)]
  0x0000000019314800 JavaThread "Stdin handler" [_thread_blocked, id=5616, stack(0x000000001abe0000,0x000000001ace0000)]
  0x00000000192fe000 JavaThread "Asynchronous log dispatcher for DefaultDaemonConnection: socket connection from /127.0.0.1:62382 to /127.0.0.1:62383" [_thread_blocked, id=9796, stack(0x000000001aae0000,0x000000001abe0000)]
  0x0000000019612000 JavaThread "Daemon worker" [_thread_in_native, id=8808, stack(0x000000001a9e0000,0x000000001aae0000)]
  0x0000000019630000 JavaThread "Cancel handler" [_thread_blocked, id=4536, stack(0x000000001a8e0000,0x000000001a9e0000)]
  0x00000000194b6800 JavaThread "Handler for socket connection from /127.0.0.1:62382 to /127.0.0.1:62383" [_thread_in_native, id=3684, stack(0x000000001a5e0000,0x000000001a6e0000)]
  0x00000000194b5800 JavaThread "Daemon" [_thread_blocked, id=8212, stack(0x000000001a4e0000,0x000000001a5e0000)]
  0x00000000194d0000 JavaThread "Daemon periodic checks" [_thread_blocked, id=2340, stack(0x000000001a3e0000,0x000000001a4e0000)]
  0x00000000194b9000 JavaThread "Incoming local TCP Connector on port 62382" [_thread_in_native, id=4248, stack(0x000000001a190000,0x000000001a290000)]
  0x000000001987c800 JavaThread "Daemon health stats" [_thread_blocked, id=1356, stack(0x0000000019b50000,0x0000000019c50000)]
  0x000000001646d800 JavaThread "Service Thread" daemon [_thread_blocked, id=9612, stack(0x0000000018180000,0x0000000018280000)]
  0x000000001641e800 JavaThread "C1 CompilerThread2" daemon [_thread_blocked, id=7600, stack(0x0000000017c80000,0x0000000017d80000)]
=>0x0000000016420800 JavaThread "C2 CompilerThread1" daemon [_thread_in_native, id=2064, stack(0x0000000017b80000,0x0000000017c80000)]
  0x0000000016417000 JavaThread "C2 CompilerThread0" daemon [_thread_in_native, id=11756, stack(0x0000000017a80000,0x0000000017b80000)]
  0x0000000016411000 JavaThread "Attach Listener" daemon [_thread_blocked, id=4352, stack(0x0000000017980000,0x0000000017a80000)]
  0x0000000016410000 JavaThread "Signal Dispatcher" daemon [_thread_blocked, id=12992, stack(0x0000000017880000,0x0000000017980000)]
  0x0000000002a9b000 JavaThread "Finalizer" daemon [_thread_blocked, id=8872, stack(0x0000000017670000,0x0000000017770000)]
  0x00000000163f9000 JavaThread "Reference Handler" daemon [_thread_blocked, id=7748, stack(0x0000000017570000,0x0000000017670000)]
  0x00000000027cd800 JavaThread "main" [_thread_blocked, id=13836, stack(0x00000000028a0000,0x00000000029a0000)]

Other Threads:
  0x00000000163d5000 VMThread [stack: 0x0000000017470000,0x0000000017570000] [id=7984]
  0x000000001646e800 WatcherThread [stack: 0x0000000018280000,0x0000000018380000] [id=15344]

VM state:not at safepoint (normal execution)

VM Mutex/Monitor currently owned by a thread: None

heap address: 0x00000000a0000000, size: 1536 MB, Compressed Oops mode: 32-bit
Narrow klass base: 0x0000000000000000, Narrow klass shift: 3
Compressed class space size: 1073741824 Address: 0x0000000100000000

Heap:
 PSYoungGen      total 242688K, used 162358K [0x00000000e0000000, 0x00000000f1000000, 0x0000000100000000)
  eden space 214016K, 68% used [0x00000000e0000000,0x00000000e8fad9d8,0x00000000ed100000)
  from space 28672K, 53% used [0x00000000ed100000,0x00000000edfe0150,0x00000000eed00000)
  to   space 23552K, 0% used [0x00000000eed00000,0x00000000eed00000,0x00000000f0400000)
 ParOldGen       total 87552K, used 46617K [0x00000000a0000000, 0x00000000a5580000, 0x00000000e0000000)
  object space 87552K, 53% used [0x00000000a0000000,0x00000000a2d864f0,0x00000000a5580000)
 Metaspace       used 78321K, capacity 81474K, committed 81624K, reserved 1120256K
  class space    used 10399K, capacity 10991K, committed 11008K, reserved 1048576K

Card table byte_map: [0x0000000011e60000,0x0000000012170000] byte_map_base: 0x0000000011960000

Marking Bits: (ParMarkBitMap*) 0x0000000059e19f30
 Begin Bits: [0x0000000012770000, 0x0000000013f70000)
 End Bits:   [0x0000000013f70000, 0x0000000015770000)

Polling page: 0x0000000000e90000

CodeCache: size=245760Kb used=40912Kb max_used=40912Kb free=204847Kb
 bounds [0x0000000002aa0000, 0x00000000052d0000, 0x0000000011aa0000]
 total_blobs=12929 nmethods=12088 adapters=752
 compilation: enabled

Compilation events (10 events):
Event: 53.649 Thread 0x000000001641e800 14103       2       com.google.common.io.ByteSource::sizeIfKnown (4 bytes)
Event: 53.649 Thread 0x000000001641e800 nmethod 14103 0x00000000052bb090 code [0x00000000052bb1e0, 0x00000000052bb330]
Event: 53.650 Thread 0x000000001641e800 14104       1       java.util.Collections$2::estimateSize (5 bytes)
Event: 53.650 Thread 0x000000001641e800 nmethod 14104 0x00000000052bb3d0 code [0x00000000052bb520, 0x00000000052bb630]
Event: 53.652 Thread 0x000000001641e800 14106       2       com.google.common.collect.RegularImmutableList::listIterator (15 bytes)
Event: 53.652 Thread 0x000000001641e800 nmethod 14106 0x00000000052bb690 code [0x00000000052bb800, 0x00000000052bb988]
Event: 53.663 Thread 0x000000001641e800 14107       2       com.android.tools.r8.ir.code.Position::equals (74 bytes)
Event: 53.664 Thread 0x000000001641e800 nmethod 14107 0x00000000052bba50 code [0x00000000052bbbc0, 0x00000000052bbe68]
Event: 53.664 Thread 0x000000001641e800 14108       2       com.android.tools.r8.ir.conversion.N::buildInstruction (368 bytes)
Event: 53.665 Thread 0x000000001641e800 nmethod 14108 0x00000000052bbf90 code [0x00000000052bc200, 0x00000000052bc998]

GC Heap History (10 events):
Event: 40.460 GC heap before
{Heap before GC invocations=20 (full 3):
 PSYoungGen      total 174080K, used 169880K [0x00000000e0000000, 0x00000000ec100000, 0x0000000100000000)
  eden space 158720K, 100% used [0x00000000e0000000,0x00000000e9b00000,0x00000000e9b00000)
  from space 15360K, 72% used [0x00000000eb200000,0x00000000ebce6148,0x00000000ec100000)
  to   space 19456K, 0% used [0x00000000e9b00000,0x00000000e9b00000,0x00000000eae00000)
 ParOldGen       total 87552K, used 32365K [0x00000000a0000000, 0x00000000a5580000, 0x00000000e0000000)
  object space 87552K, 36% used [0x00000000a0000000,0x00000000a1f9b5a8,0x00000000a5580000)
 Metaspace       used 61856K, capacity 63866K, committed 64216K, reserved 1103872K
  class space    used 8382K, capacity 8849K, committed 8960K, reserved 1048576K
Event: 40.474 GC heap after
Heap after GC invocations=20 (full 3):
 PSYoungGen      total 178176K, used 10800K [0x00000000e0000000, 0x00000000ede00000, 0x0000000100000000)
  eden space 158720K, 0% used [0x00000000e0000000,0x00000000e0000000,0x00000000e9b00000)
  from space 19456K, 55% used [0x00000000e9b00000,0x00000000ea58c090,0x00000000eae00000)
  to   space 19456K, 0% used [0x00000000ecb00000,0x00000000ecb00000,0x00000000ede00000)
 ParOldGen       total 87552K, used 32365K [0x00000000a0000000, 0x00000000a5580000, 0x00000000e0000000)
  object space 87552K, 36% used [0x00000000a0000000,0x00000000a1f9b5a8,0x00000000a5580000)
 Metaspace       used 61856K, capacity 63866K, committed 64216K, reserved 1103872K
  class space    used 8382K, capacity 8849K, committed 8960K, reserved 1048576K
}
Event: 43.844 GC heap before
{Heap before GC invocations=21 (full 3):
 PSYoungGen      total 178176K, used 169520K [0x00000000e0000000, 0x00000000ede00000, 0x0000000100000000)
  eden space 158720K, 100% used [0x00000000e0000000,0x00000000e9b00000,0x00000000e9b00000)
  from space 19456K, 55% used [0x00000000e9b00000,0x00000000ea58c090,0x00000000eae00000)
  to   space 19456K, 0% used [0x00000000ecb00000,0x00000000ecb00000,0x00000000ede00000)
 ParOldGen       total 87552K, used 32365K [0x00000000a0000000, 0x00000000a5580000, 0x00000000e0000000)
  object space 87552K, 36% used [0x00000000a0000000,0x00000000a1f9b5a8,0x00000000a5580000)
 Metaspace       used 67972K, capacity 69990K, committed 70104K, reserved 1110016K
  class space    used 9029K, capacity 9461K, committed 9472K, reserved 1048576K
Event: 43.867 GC heap after
Heap after GC invocations=21 (full 3):
 PSYoungGen      total 206336K, used 16410K [0x00000000e0000000, 0x00000000ee000000, 0x0000000100000000)
  eden space 186880K, 0% used [0x00000000e0000000,0x00000000e0000000,0x00000000eb680000)
  from space 19456K, 84% used [0x00000000ecb00000,0x00000000edb068c8,0x00000000ede00000)
  to   space 20992K, 0% used [0x00000000eb680000,0x00000000eb680000,0x00000000ecb00000)
 ParOldGen       total 87552K, used 32373K [0x00000000a0000000, 0x00000000a5580000, 0x00000000e0000000)
  object space 87552K, 36% used [0x00000000a0000000,0x00000000a1f9d5a8,0x00000000a5580000)
 Metaspace       used 67972K, capacity 69990K, committed 70104K, reserved 1110016K
  class space    used 9029K, capacity 9461K, committed 9472K, reserved 1048576K
}
Event: 47.439 GC heap before
{Heap before GC invocations=22 (full 3):
 PSYoungGen      total 206336K, used 203290K [0x00000000e0000000, 0x00000000ee000000, 0x0000000100000000)
  eden space 186880K, 100% used [0x00000000e0000000,0x00000000eb680000,0x00000000eb680000)
  from space 19456K, 84% used [0x00000000ecb00000,0x00000000edb068c8,0x00000000ede00000)
  to   space 20992K, 0% used [0x00000000eb680000,0x00000000eb680000,0x00000000ecb00000)
 ParOldGen       total 87552K, used 32373K [0x00000000a0000000, 0x00000000a5580000, 0x00000000e0000000)
  object space 87552K, 36% used [0x00000000a0000000,0x00000000a1f9d5a8,0x00000000a5580000)
 Metaspace       used 68733K, capacity 70940K, committed 71000K, reserved 1110016K
  class space    used 9119K, capacity 9548K, committed 9600K, reserved 1048576K
Event: 47.463 GC heap after
Heap after GC invocations=22 (full 3):
 PSYoungGen      total 207872K, used 19545K [0x00000000e0000000, 0x00000000f0400000, 0x0000000100000000)
  eden space 186880K, 0% used [0x00000000e0000000,0x00000000e0000000,0x00000000eb680000)
  from space 20992K, 93% used [0x00000000eb680000,0x00000000ec9967a8,0x00000000ecb00000)
  to   space 23552K, 0% used [0x00000000eed00000,0x00000000eed00000,0x00000000f0400000)
 ParOldGen       total 87552K, used 32381K [0x00000000a0000000, 0x00000000a5580000, 0x00000000e0000000)
  object space 87552K, 36% used [0x00000000a0000000,0x00000000a1f9f5a8,0x00000000a5580000)
 Metaspace       used 68733K, capacity 70940K, committed 71000K, reserved 1110016K
  class space    used 9119K, capacity 9548K, committed 9600K, reserved 1048576K
}
Event: 51.586 GC heap before
{Heap before GC invocations=23 (full 3):
 PSYoungGen      total 207872K, used 206425K [0x00000000e0000000, 0x00000000f0400000, 0x0000000100000000)
  eden space 186880K, 100% used [0x00000000e0000000,0x00000000eb680000,0x00000000eb680000)
  from space 20992K, 93% used [0x00000000eb680000,0x00000000ec9967a8,0x00000000ecb00000)
  to   space 23552K, 0% used [0x00000000eed00000,0x00000000eed00000,0x00000000f0400000)
 ParOldGen       total 87552K, used 32381K [0x00000000a0000000, 0x00000000a5580000, 0x00000000e0000000)
  object space 87552K, 36% used [0x00000000a0000000,0x00000000a1f9f5a8,0x00000000a5580000)
 Metaspace       used 77456K, capacity 80458K, committed 80728K, reserved 1120256K
  class space    used 10317K, capacity 10861K, committed 10880K, reserved 1048576K
Event: 51.638 GC heap after
Heap after GC invocations=23 (full 3):
 PSYoungGen      total 237568K, used 23524K [0x00000000e0000000, 0x00000000f1000000, 0x0000000100000000)
  eden space 214016K, 0% used [0x00000000e0000000,0x00000000e0000000,0x00000000ed100000)
  from space 23552K, 99% used [0x00000000eed00000,0x00000000f03f9140,0x00000000f0400000)
  to   space 28672K, 0% used [0x00000000ed100000,0x00000000ed100000,0x00000000eed00000)
 ParOldGen       total 87552K, used 36661K [0x00000000a0000000, 0x00000000a5580000, 0x00000000e0000000)
  object space 87552K, 41% used [0x00000000a0000000,0x00000000a23cd648,0x00000000a5580000)
 Metaspace       used 77456K, capacity 80458K, committed 80728K, reserved 1120256K
  class space    used 10317K, capacity 10861K, committed 10880K, reserved 1048576K
}
Event: 52.762 GC heap before
{Heap before GC invocations=24 (full 3):
 PSYoungGen      total 237568K, used 237540K [0x00000000e0000000, 0x00000000f1000000, 0x0000000100000000)
  eden space 214016K, 100% used [0x00000000e0000000,0x00000000ed100000,0x00000000ed100000)
  from space 23552K, 99% used [0x00000000eed00000,0x00000000f03f9140,0x00000000f0400000)
  to   space 28672K, 0% used [0x00000000ed100000,0x00000000ed100000,0x00000000eed00000)
 ParOldGen       total 87552K, used 36661K [0x00000000a0000000, 0x00000000a5580000, 0x00000000e0000000)
  object space 87552K, 41% used [0x00000000a0000000,0x00000000a23cd648,0x00000000a5580000)
 Metaspace       used 78013K, capacity 81122K, committed 81368K, reserved 1120256K
  class space    used 10375K, capacity 10949K, committed 11008K, reserved 1048576K
Event: 52.801 GC heap after
Heap after GC invocations=24 (full 3):
 PSYoungGen      total 242688K, used 15232K [0x00000000e0000000, 0x00000000f1000000, 0x0000000100000000)
  eden space 214016K, 0% used [0x00000000e0000000,0x00000000e0000000,0x00000000ed100000)
  from space 28672K, 53% used [0x00000000ed100000,0x00000000edfe0150,0x00000000eed00000)
  to   space 23552K, 0% used [0x00000000eed00000,0x00000000eed00000,0x00000000f0400000)
 ParOldGen       total 87552K, used 46617K [0x00000000a0000000, 0x00000000a5580000, 0x00000000e0000000)
  object space 87552K, 53% used [0x00000000a0000000,0x00000000a2d864f0,0x00000000a5580000)
 Metaspace       used 78013K, capacity 81122K, committed 81368K, reserved 1120256K
  class space    used 10375K, capacity 10949K, committed 11008K, reserved 1048576K
}

Deoptimization events (10 events):
Event: 52.341 Thread 0x0000000018808000 Uncommon trap: reason=bimorphic action=maybe_recompile pc=0x00000000049bd940 method=java.util.zip.InflaterInputStream.fill()V @ 19
Event: 52.396 Thread 0x0000000018808000 Uncommon trap: reason=predicate action=maybe_recompile pc=0x0000000003f1a860 method=com.google.common.collect.RegularImmutableMap.checkNoConflictInKeyBucket(Ljava/lang/Object;Ljava/util/Map$Entry;Lcom/google/common/collect/ImmutableMapEntry;)I @ 6
Event: 52.439 Thread 0x0000000018808000 Uncommon trap: reason=unstable_if action=reinterpret pc=0x0000000003466cec method=sun.nio.fs.WindowsPath.getFileName()Ljava/nio/file/Path; @ 45
Event: 53.173 Thread 0x0000000019612000 Uncommon trap: reason=unstable_if action=reinterpret pc=0x00000000051b0fa0 method=com.android.tools.r8.ir.conversion.N.a(Lcom/android/tools/r8/t/a/a/G/a;Lcom/android/tools/r8/ir/conversion/IRBuilder;)V @ 780
Event: 53.422 Thread 0x0000000018808000 Uncommon trap: reason=class_check action=maybe_recompile pc=0x0000000004142290 method=com.android.tools.build.apkzlib.zip.CentralDirectoryHeader.getCompressionInfoWithWait()Lcom/android/tools/build/apkzlib/zip/CentralDirectoryHeaderCompressInfo; @ 4
Event: 53.422 Thread 0x0000000018808000 Uncommon trap: reason=class_check action=maybe_recompile pc=0x0000000004142290 method=com.android.tools.build.apkzlib.zip.CentralDirectoryHeader.getCompressionInfoWithWait()Lcom/android/tools/build/apkzlib/zip/CentralDirectoryHeaderCompressInfo; @ 4
Event: 53.485 Thread 0x0000000018808000 Uncommon trap: reason=class_check action=maybe_recompile pc=0x0000000004142290 method=com.android.tools.build.apkzlib.zip.CentralDirectoryHeader.getCompressionInfoWithWait()Lcom/android/tools/build/apkzlib/zip/CentralDirectoryHeaderCompressInfo; @ 4
Event: 53.489 Thread 0x0000000018808000 Uncommon trap: reason=class_check action=maybe_recompile pc=0x0000000004142290 method=com.android.tools.build.apkzlib.zip.CentralDirectoryHeader.getCompressionInfoWithWait()Lcom/android/tools/build/apkzlib/zip/CentralDirectoryHeaderCompressInfo; @ 4
Event: 53.659 Thread 0x000000001880e000 Uncommon trap: reason=unstable_if action=reinterpret pc=0x0000000003cba4b4 method=com.android.tools.r8.ir.conversion.N.buildInstruction(Lcom/android/tools/r8/ir/conversion/IRBuilder;IZ)V @ 3
Event: 53.659 Thread 0x000000001880e000 Uncommon trap: reason=unstable_if action=reinterpret pc=0x0000000004eff10c method=com.android.tools.r8.ir.code.Position.equals(Ljava/lang/Object;)Z @ 27

Classes redefined (0 events):
No events

Internal exceptions (10 events):
Event: 52.307 Thread 0x000000001880e000 Exception <a 'sun/nio/fs/WindowsException'> (0x00000000e7ccca48) thrown at [D:\src\AOSP-openjdk-cygwin\jdk8u\hotspot\src\share\vm\prims\jni.cpp, line 710]
Event: 52.384 Thread 0x0000000019612000 Exception <a 'sun/nio/fs/WindowsException'> (0x00000000e78484e0) thrown at [D:\src\AOSP-openjdk-cygwin\jdk8u\hotspot\src\share\vm\prims\jni.cpp, line 710]
Event: 52.436 Thread 0x000000001880e000 Exception <a 'sun/nio/fs/WindowsException'> (0x00000000e9f17270) thrown at [D:\src\AOSP-openjdk-cygwin\jdk8u\hotspot\src\share\vm\prims\jni.cpp, line 710]
Event: 52.486 Thread 0x0000000019612000 Exception <a 'sun/nio/fs/WindowsException'> (0x00000000ea6ab418) thrown at [D:\src\AOSP-openjdk-cygwin\jdk8u\hotspot\src\share\vm\prims\jni.cpp, line 710]
Event: 53.068 Thread 0x0000000018805000 Exception <a 'sun/nio/fs/WindowsException'> (0x00000000e2f76538) thrown at [D:\src\AOSP-openjdk-cygwin\jdk8u\hotspot\src\share\vm\prims\jni.cpp, line 710]
Event: 53.146 Thread 0x0000000019612000 Exception <a 'sun/nio/fs/WindowsException'> (0x00000000e30d1b10) thrown at [D:\src\AOSP-openjdk-cygwin\jdk8u\hotspot\src\share\vm\prims\jni.cpp, line 710]
Event: 53.195 Thread 0x000000001880e000 Exception <a 'sun/nio/fs/WindowsException'> (0x00000000e329fb60) thrown at [D:\src\AOSP-openjdk-cygwin\jdk8u\hotspot\src\share\vm\prims\jni.cpp, line 710]
Event: 53.239 Thread 0x000000001880e000 Exception <a 'sun/nio/fs/WindowsException'> (0x00000000e46a2850) thrown at [D:\src\AOSP-openjdk-cygwin\jdk8u\hotspot\src\share\vm\prims\jni.cpp, line 710]
Event: 53.264 Thread 0x0000000019612000 Exception <a 'sun/nio/fs/WindowsException'> (0x00000000e4aea838) thrown at [D:\src\AOSP-openjdk-cygwin\jdk8u\hotspot\src\share\vm\prims\jni.cpp, line 710]
Event: 53.369 Thread 0x000000001880e000 Exception <a 'sun/nio/fs/WindowsException'> (0x00000000e4bf2458) thrown at [D:\src\AOSP-openjdk-cygwin\jdk8u\hotspot\src\share\vm\prims\jni.cpp, line 710]

Events (10 events):
Event: 53.659 Thread 0x000000001880e000 DEOPT UNPACKING pc=0x0000000002ae557b sp=0x000000002359b098 mode 2
Event: 53.659 Thread 0x000000001880e000 Uncommon trap: trap_request=0xffffff65 fr.pc=0x0000000004eff10c
Event: 53.659 Thread 0x000000001880e000 DEOPT PACKING pc=0x0000000004eff10c sp=0x000000002359afe0
Event: 53.659 Thread 0x000000001880e000 DEOPT UNPACKING pc=0x0000000002ae557b sp=0x000000002359af80 mode 2
Event: 53.695 loading class com/android/tools/build/apkzlib/utils/CachedFileContents
Event: 53.695 loading class com/android/tools/build/apkzlib/utils/CachedFileContents done
Event: 53.697 loading class com/android/tools/build/apkzlib/zip/ZFileExtension
Event: 53.697 loading class com/android/tools/build/apkzlib/zip/ZFileExtension done
Event: 53.697 loading class com/android/tools/build/apkzlib/utils/IOExceptionFunction
Event: 53.697 loading class com/android/tools/build/apkzlib/utils/IOExceptionFunction done


Dynamic libraries:
0x00007ff6d46e0000 - 0x00007ff6d4711000 	C:\Program Files\Android\Android Studio\jre\bin\java.exe
0x00007ffddaf00000 - 0x00007ffddb0f0000 	C:\WINDOWS\SYSTEM32\ntdll.dll
0x00007ffdda4e0000 - 0x00007ffdda592000 	C:\WINDOWS\System32\KERNEL32.DLL
0x00007ffdd8c80000 - 0x00007ffdd8f23000 	C:\WINDOWS\System32\KERNELBASE.dll
0x00007ffdd96a0000 - 0x00007ffdd9743000 	C:\WINDOWS\System32\ADVAPI32.dll
0x00007ffddab90000 - 0x00007ffddac2e000 	C:\WINDOWS\System32\msvcrt.dll
0x00007ffdd9a90000 - 0x00007ffdd9b27000 	C:\WINDOWS\System32\sechost.dll
0x00007ffdda5a0000 - 0x00007ffdda6c0000 	C:\WINDOWS\System32\RPCRT4.dll
0x00007ffdd9020000 - 0x00007ffdd91b4000 	C:\WINDOWS\System32\USER32.dll
0x00007ffdd7f40000 - 0x00007ffdd7f61000 	C:\WINDOWS\System32\win32u.dll
0x00007ffddab30000 - 0x00007ffddab56000 	C:\WINDOWS\System32\GDI32.dll
0x00007ffdd7f70000 - 0x00007ffdd8104000 	C:\WINDOWS\System32\gdi32full.dll
0x00007ffdd8bb0000 - 0x00007ffdd8c4e000 	C:\WINDOWS\System32\msvcp_win.dll
0x00007ffdd8110000 - 0x00007ffdd820a000 	C:\WINDOWS\System32\ucrtbase.dll
0x00007ffdd0690000 - 0x00007ffdd0915000 	C:\WINDOWS\WinSxS\amd64_microsoft.windows.common-controls_6595b64144ccf1df_6.0.18362.778_none_e6c6b761130d4fb8\COMCTL32.dll
0x00007ffdd9750000 - 0x00007ffdd9a86000 	C:\WINDOWS\System32\combase.dll
0x00007ffdd8f30000 - 0x00007ffdd8fb0000 	C:\WINDOWS\System32\bcryptPrimitives.dll
0x00007ffddab60000 - 0x00007ffddab8e000 	C:\WINDOWS\System32\IMM32.DLL
0x0000000059460000 - 0x0000000059532000 	C:\Program Files\Android\Android Studio\jre\jre\bin\msvcr100.dll
0x0000000059650000 - 0x0000000059e96000 	C:\Program Files\Android\Android Studio\jre\jre\bin\server\jvm.dll
0x00007ffdd9b30000 - 0x00007ffdd9b38000 	C:\WINDOWS\System32\PSAPI.DLL
0x00007ffdd2bb0000 - 0x00007ffdd2bba000 	C:\WINDOWS\SYSTEM32\VERSION.dll
0x00007ffdcb750000 - 0x00007ffdcb774000 	C:\WINDOWS\SYSTEM32\WINMM.dll
0x00007ffdd2610000 - 0x00007ffdd2619000 	C:\WINDOWS\SYSTEM32\WSOCK32.dll
0x00007ffdd91c0000 - 0x00007ffdd922f000 	C:\WINDOWS\System32\WS2_32.dll
0x00007ffdcb720000 - 0x00007ffdcb74d000 	C:\WINDOWS\SYSTEM32\WINMMBASE.dll
0x00007ffdd8b60000 - 0x00007ffdd8baa000 	C:\WINDOWS\System32\cfgmgr32.dll
0x00007ffdc82d0000 - 0x00007ffdc82df000 	C:\Program Files\Android\Android Studio\jre\jre\bin\verify.dll
0x00007ffdc34b0000 - 0x00007ffdc34d9000 	C:\Program Files\Android\Android Studio\jre\jre\bin\java.dll
0x00007ffdc3b10000 - 0x00007ffdc3b26000 	C:\Program Files\Android\Android Studio\jre\jre\bin\zip.dll
0x00007ffdd9b40000 - 0x00007ffdda225000 	C:\WINDOWS\System32\SHELL32.dll
0x00007ffddac30000 - 0x00007ffddacd9000 	C:\WINDOWS\System32\shcore.dll
0x00007ffdd83e0000 - 0x00007ffdd8b60000 	C:\WINDOWS\System32\windows.storage.dll
0x00007ffdd7e10000 - 0x00007ffdd7e33000 	C:\WINDOWS\System32\profapi.dll
0x00007ffdd7e40000 - 0x00007ffdd7e8a000 	C:\WINDOWS\System32\powrprof.dll
0x00007ffdd7dc0000 - 0x00007ffdd7dd0000 	C:\WINDOWS\System32\UMPDC.dll
0x00007ffdda370000 - 0x00007ffdda3c2000 	C:\WINDOWS\System32\shlwapi.dll
0x00007ffdd7df0000 - 0x00007ffdd7e01000 	C:\WINDOWS\System32\kernel.appcore.dll
0x00007ffdd83c0000 - 0x00007ffdd83d7000 	C:\WINDOWS\System32\cryptsp.dll
0x00007ffdc31a0000 - 0x00007ffdc31ba000 	C:\Program Files\Android\Android Studio\jre\jre\bin\net.dll
0x00007ffdd75d0000 - 0x00007ffdd7637000 	C:\WINDOWS\system32\mswsock.dll
0x00007ffdc2fc0000 - 0x00007ffdc2fd1000 	C:\Program Files\Android\Android Studio\jre\jre\bin\nio.dll
0x00007ffdc1180000 - 0x00007ffdc11a6000 	C:\Users\Games\.gradle\native\29\windows-amd64\native-platform.dll
0x00007ffdc6360000 - 0x00007ffdc636d000 	C:\Program Files\Android\Android Studio\jre\jre\bin\management.dll
0x00007ffdd7140000 - 0x00007ffdd7173000 	C:\WINDOWS\system32\rsaenh.dll
0x00007ffdd8c50000 - 0x00007ffdd8c76000 	C:\WINDOWS\System32\bcrypt.dll
0x00007ffdd7ce0000 - 0x00007ffdd7d05000 	C:\WINDOWS\SYSTEM32\USERENV.dll
0x00007ffdd77a0000 - 0x00007ffdd77ac000 	C:\WINDOWS\SYSTEM32\CRYPTBASE.dll
0x00007ffdd72e0000 - 0x00007ffdd731a000 	C:\WINDOWS\SYSTEM32\IPHLPAPI.DLL
0x00007ffdda3f0000 - 0x00007ffdda3f8000 	C:\WINDOWS\System32\NSI.dll
0x00007ffdd2fb0000 - 0x00007ffdd2fc6000 	C:\WINDOWS\SYSTEM32\dhcpcsvc6.DLL
0x00007ffdd11e0000 - 0x00007ffdd11fc000 	C:\WINDOWS\SYSTEM32\dhcpcsvc.DLL
0x00007ffdd7320000 - 0x00007ffdd73ea000 	C:\WINDOWS\SYSTEM32\DNSAPI.dll

VM Arguments:
jvm_args: -Xmx1536m -Dfile.encoding=windows-1251 -Duser.country=RU -Duser.language=ru -Duser.variant 
java_command: org.gradle.launcher.daemon.bootstrap.GradleDaemon 5.4.1
java_class_path (initial): C:\Users\Games\.gradle\wrapper\dists\gradle-5.4.1-all\3221gyojl5jsh0helicew7rwx\gradle-5.4.1\lib\gradle-launcher-5.4.1.jar
Launcher Type: SUN_STANDARD

Environment Variables:
JAVA_HOME=C:\Program Files\Java\jdk-14.0.1\bin
PATH=C:\ProgramData\Oracle\Java\javapath;C:\WATCOM\BINNT;C:\WATCOM\BINW;C:\WINDOWS\system32;C:\WINDOWS;C:\WINDOWS\System32\Wbem;C:\WINDOWS\System32\WindowsPowerShell\v1.0\;C:\WINDOWS\System32\OpenSSH\;C:\Program Files\dotnet\;C:\Program Files\Microsoft SQL Server\130\Tools\Binn\;C:\Program Files\TortoiseGit\bin;C:\Program Files\Git\cmd;C:\Program Files\PuTTY\;C:\Program Files\Microsoft SQL Server\Client SDK\ODBC\170\Tools\Binn\;C:\Program Files (x86)\NVIDIA Corporation\PhysX\Common;C:\Program Files\NVIDIA Corporation\NVIDIA NvDLISR;C:\Program Files\Java\jdk-14.0.1\bin
USERNAME=Games
OS=Windows_NT
PROCESSOR_IDENTIFIER=Intel64 Family 6 Model 60 Stepping 3, GenuineIntel



---------------  S Y S T E M  ---------------

OS: Windows 10.0 , 64 bit Build 18362 (10.0.18362.778)

CPU:total 4 (initial active 4) (4 cores per cpu, 1 threads per core) family 6 model 60 stepping 3, cmov, cx8, fxsr, mmx, sse, sse2, sse3, ssse3, sse4.1, sse4.2, popcnt, avx, avx2, clmul, erms, lzcnt, tsc, tscinvbit, bmi1, bmi2

Memory: 4k page, physical 4136760k(314800k free), swap 13049656k(8664k free)

vm_info: OpenJDK 64-Bit Server VM (25.202-b03) for windows-amd64 JRE (1.8.0_202-release-1483-b03), built by "builder" with MS VC++ 10.0 (VS2010)

time: Sat May 02 21:17:41 2020
timezone: Новосибирское стандартное время
elapsed time: 53 seconds (0d 0h 0m 53s)

