#
# There is insufficient memory for the Java Runtime Environment to continue.
# Native memory allocation (malloc) failed to allocate 1528496 bytes for Chunk::new
# Possible reasons:
#   The system is out of physical RAM or swap space
#   The process is running with CompressedOops enabled, and the Java Heap may be blocking the growth of the native heap
# Possible solutions:
#   Reduce memory load on the system
#   Increase physical memory or swap space
#   Check if swap backing store is full
#   Decrease Java heap size (-Xmx/-Xms)
#   Decrease number of Java threads
#   Decrease Java thread stack sizes (-Xss)
#   Set larger code cache with -XX:ReservedCodeCacheSize=
#   JVM is running with Unscaled Compressed Oops mode in which the Java heap is
#     placed in the first 4GB address space. The Java Heap base address is the
#     maximum limit for the native heap growth. Please use -XX:HeapBaseMinAddress
#     to set the Java Heap base and to place the Java Heap above 4GB virtual address.
# This output file may be truncated or incomplete.
#
#  Out of Memory Error (allocation.cpp:389), pid=7712, tid=0x00000000000027e0
#
# JRE version: OpenJDK Runtime Environment (8.0_202-b03) (build 1.8.0_202-release-1483-b03)
# Java VM: OpenJDK 64-Bit Server VM (25.202-b03 mixed mode windows-amd64 compressed oops)
# Failed to write core dump. Minidumps are not enabled by default on client versions of Windows
#

---------------  T H R E A D  ---------------

Current thread (0x0000000016a32000):  JavaThread "C2 CompilerThread1" daemon [_thread_in_native, id=10208, stack(0x0000000018180000,0x0000000018280000)]

Stack: [0x0000000018180000,0x0000000018280000]
[error occurred during error reporting (printing stack bounds), id 0xc0000005]

Native frames: (J=compiled Java code, j=interpreted, Vv=VM code, C=native code)


Current CompileTask:
C2:  63781 12660 %     4       com.android.tools.r8.ir.conversion.IRBuilder::a @ 102 (2002 bytes)


---------------  P R O C E S S  ---------------

Java Threads: ( => current thread )
  0x000000001ff41000 JavaThread "Cache worker for execution history cache (C:\Users\Games\AndroidStudioProjects\.gradle\5.4.1\executionHistory)" [_thread_blocked, id=3592, stack(0x0000000024760000,0x0000000024860000)]
  0x000000001ff3c000 JavaThread "Execution worker for ':' Thread 3" [_thread_in_Java, id=14352, stack(0x0000000024450000,0x0000000024550000)]
  0x000000001ff3b000 JavaThread "Execution worker for ':' Thread 2" [_thread_in_native, id=9072, stack(0x0000000024350000,0x0000000024450000)]
  0x0000000019e31800 JavaThread "Execution worker for ':'" [_thread_in_Java, id=852, stack(0x0000000024250000,0x0000000024350000)]
  0x000000001c7a0000 JavaThread "Cache worker for file content cache (C:\Users\Games\AndroidStudioProjects\.gradle\5.4.1\fileContent)" [_thread_blocked, id=14456, stack(0x0000000024660000,0x0000000024760000)]
  0x000000001c79f000 JavaThread "Cache worker for file content cache (C:\Users\Games\.gradle\caches\5.4.1\fileContent)" [_thread_blocked, id=12508, stack(0x0000000024560000,0x0000000024660000)]
  0x000000001c79e800 JavaThread "Cache worker for Build Output Cleanup Cache (C:\Users\Games\AndroidStudioProjects\.gradle\buildOutputCleanup)" [_thread_in_native, id=9984, stack(0x0000000023ee0000,0x0000000023fe0000)]
  0x000000001c79d800 JavaThread "Build operations Thread 4" [_thread_blocked, id=12856, stack(0x0000000023be0000,0x0000000023ce0000)]
  0x000000001c7a2000 JavaThread "Build operations Thread 3" [_thread_blocked, id=12600, stack(0x0000000023510000,0x0000000023610000)]
  0x000000001c79d000 JavaThread "Build operations Thread 2" [_thread_blocked, id=11392, stack(0x0000000022930000,0x0000000022a30000)]
  0x000000001c79c000 JavaThread "Build operations" [_thread_blocked, id=7804, stack(0x0000000022630000,0x0000000022730000)]
  0x000000001c7a0800 JavaThread "Cache worker for cache directory md-rule (C:\Users\Games\.gradle\caches\5.4.1\md-rule)" [_thread_blocked, id=11472, stack(0x0000000022080000,0x0000000022180000)]
  0x000000001c793000 JavaThread "Cache worker for cache directory md-supplier (C:\Users\Games\.gradle\caches\5.4.1\md-supplier)" [_thread_blocked, id=2052, stack(0x0000000021f80000,0x0000000022080000)]
  0x000000001c79a000 JavaThread "Cache worker for file hash cache (C:\Users\Games\AndroidStudioProjects\.gradle\5.4.1\fileHashes)" [_thread_blocked, id=12400, stack(0x0000000021c50000,0x0000000021d50000)]
  0x000000001c799000 JavaThread "Thread-30" [_thread_blocked, id=6720, stack(0x0000000021b50000,0x0000000021c50000)]
  0x000000001c797000 JavaThread "Stdin handler" [_thread_blocked, id=9276, stack(0x0000000021550000,0x0000000021650000)]
  0x000000001c793800 JavaThread "Asynchronous log dispatcher for DefaultDaemonConnection: socket connection from /127.0.0.1:62467 to /127.0.0.1:62481" [_thread_blocked, id=7300, stack(0x000000001ed50000,0x000000001ee50000)]
  0x000000001c798800 JavaThread "Cancel handler" [_thread_blocked, id=3060, stack(0x000000001ec50000,0x000000001ed50000)]
  0x000000001c797800 JavaThread "Handler for socket connection from /127.0.0.1:62467 to /127.0.0.1:62481" [_thread_in_native, id=7352, stack(0x000000001b2e0000,0x000000001b3e0000)]
  0x000000001c79a800 JavaThread "Memory manager" [_thread_blocked, id=12308, stack(0x00000000236e0000,0x00000000237e0000)]
  0x000000001c796000 JavaThread "Cache worker for execution history cache (C:\Users\Games\.gradle\caches\5.4.1\executionHistory)" [_thread_blocked, id=7036, stack(0x0000000021650000,0x0000000021750000)]
  0x0000000019e32000 JavaThread "Cache worker for journal cache (C:\Users\Games\.gradle\caches\journal-1)" [_thread_blocked, id=5848, stack(0x000000001b5e0000,0x000000001b6e0000)]
  0x0000000019e30800 JavaThread "File lock request listener" [_thread_in_native, id=10008, stack(0x000000001b4e0000,0x000000001b5e0000)]
  0x0000000019e2e800 JavaThread "Cache worker for file hash cache (C:\Users\Games\.gradle\caches\5.4.1\fileHashes)" [_thread_blocked, id=13840, stack(0x000000001b3e0000,0x000000001b4e0000)]
  0x0000000019822000 JavaThread "Daemon worker" [_thread_in_Java, id=3488, stack(0x000000001afe0000,0x000000001b0e0000)]
  0x0000000019df8000 JavaThread "Daemon" [_thread_blocked, id=13972, stack(0x000000001aae0000,0x000000001abe0000)]
  0x0000000019ae6800 JavaThread "Daemon periodic checks" [_thread_blocked, id=6712, stack(0x000000001a9e0000,0x000000001aae0000)]
  0x0000000019dd5000 JavaThread "Incoming local TCP Connector on port 62467" [_thread_in_native, id=684, stack(0x000000001a790000,0x000000001a890000)]
  0x000000001997e800 JavaThread "Daemon health stats" [_thread_blocked, id=13968, stack(0x000000001a150000,0x000000001a250000)]
  0x0000000016a6b800 JavaThread "Service Thread" daemon [_thread_blocked, id=13292, stack(0x0000000018780000,0x0000000018880000)]
  0x0000000016a60000 JavaThread "C1 CompilerThread2" daemon [_thread_blocked, id=9184, stack(0x0000000018280000,0x0000000018380000)]
=>0x0000000016a32000 JavaThread "C2 CompilerThread1" daemon [_thread_in_native, id=10208, stack(0x0000000018180000,0x0000000018280000)]
  0x0000000016a13800 JavaThread "C2 CompilerThread0" daemon [_thread_in_native, id=8284, stack(0x0000000018080000,0x0000000018180000)]
  0x0000000016a11000 JavaThread "Attach Listener" daemon [_thread_blocked, id=6524, stack(0x0000000017f80000,0x0000000018080000)]
  0x0000000016a10000 JavaThread "Signal Dispatcher" daemon [_thread_blocked, id=11692, stack(0x0000000017e80000,0x0000000017f80000)]
  0x0000000002f9b000 JavaThread "Finalizer" daemon [_thread_blocked, id=14172, stack(0x0000000017c70000,0x0000000017d70000)]
  0x00000000169f9000 JavaThread "Reference Handler" daemon [_thread_blocked, id=11984, stack(0x0000000017b70000,0x0000000017c70000)]
  0x000000000309d800 JavaThread "main" [_thread_blocked, id=7908, stack(0x0000000002cf0000,0x0000000002df0000)]

Other Threads:
  0x00000000169d5000 VMThread [stack: 0x0000000017a70000,0x0000000017b70000] [id=9636]
  0x0000000016a6e800 WatcherThread [stack: 0x0000000018880000,0x0000000018980000] [id=12700]

VM state:not at safepoint (normal execution)

VM Mutex/Monitor currently owned by a thread: None

heap address: 0x00000000a0000000, size: 1536 MB, Compressed Oops mode: 32-bit
Narrow klass base: 0x0000000000000000, Narrow klass shift: 3
Compressed class space size: 1073741824 Address: 0x0000000100000000

Heap:
 PSYoungGen      total 398336K, used 336510K [0x00000000e0000000, 0x00000000fa780000, 0x0000000100000000)
  eden space 368128K, 85% used [0x00000000e0000000,0x00000000f33adf98,0x00000000f6780000)
  from space 30208K, 70% used [0x00000000f8600000,0x00000000f9af1b80,0x00000000fa380000)
  to   space 31232K, 0% used [0x00000000f6780000,0x00000000f6780000,0x00000000f8600000)
 ParOldGen       total 90112K, used 76621K [0x00000000a0000000, 0x00000000a5800000, 0x00000000e0000000)
  object space 90112K, 85% used [0x00000000a0000000,0x00000000a4ad3678,0x00000000a5800000)
 Metaspace       used 74066K, capacity 77046K, committed 77144K, reserved 1116160K
  class space    used 9736K, capacity 10333K, committed 10368K, reserved 1048576K

Card table byte_map: [0x0000000012460000,0x0000000012770000] byte_map_base: 0x0000000011f60000

Marking Bits: (ParMarkBitMap*) 0x0000000059e19f30
 Begin Bits: [0x0000000012d70000, 0x0000000014570000)
 End Bits:   [0x0000000014570000, 0x0000000015d70000)

Polling page: 0x0000000002df0000

CodeCache: size=245760Kb used=39257Kb max_used=39257Kb free=206502Kb
 bounds [0x00000000030a0000, 0x0000000005760000, 0x00000000120a0000]
 total_blobs=11755 nmethods=10945 adapters=721
 compilation: enabled

Compilation events (10 events):
Event: 63.752 Thread 0x0000000016a60000 12774       2       com.android.tools.r8.graph.DexItem::a (39 bytes)
Event: 63.752 Thread 0x0000000016a60000 nmethod 12774 0x0000000004feb550 code [0x0000000004feb6c0, 0x0000000004feb8c8]
Event: 63.753 Thread 0x0000000016a60000 12776       1       com.android.tools.r8.code.Const16::a (1 bytes)
Event: 63.753 Thread 0x0000000016a60000 nmethod 12776 0x0000000004feb290 code [0x0000000004feb3e0, 0x0000000004feb4f0]
Event: 63.754 Thread 0x0000000016a60000 12777       2       java.util.IdentityHashMap$KeySpliterator::characteristics (30 bytes)
Event: 63.754 Thread 0x0000000016a60000 nmethod 12777 0x0000000004ddff50 code [0x0000000004de00a0, 0x0000000004de0230]
Event: 63.758 Thread 0x0000000016a60000 12778       1       com.android.tools.r8.code.K::getOpcode (4 bytes)
Event: 63.758 Thread 0x0000000016a60000 nmethod 12778 0x0000000004ddfc90 code [0x0000000004ddfde0, 0x0000000004ddfef0]
Event: 63.760 Thread 0x0000000016a60000 12779       1       sun.nio.fs.WindowsException::lastError (5 bytes)
Event: 63.760 Thread 0x0000000016a60000 nmethod 12779 0x0000000004ddf9d0 code [0x0000000004ddfb20, 0x0000000004ddfc30]

GC Heap History (10 events):
Event: 59.729 GC heap before
{Heap before GC invocations=23 (full 3):
 PSYoungGen      total 290304K, used 279464K [0x00000000e0000000, 0x00000000f6180000, 0x0000000100000000)
  eden space 264704K, 100% used [0x00000000e0000000,0x00000000f0280000,0x00000000f0280000)
  from space 25600K, 57% used [0x00000000f0280000,0x00000000f10ea270,0x00000000f1b80000)
  to   space 25600K, 0% used [0x00000000f4880000,0x00000000f4880000,0x00000000f6180000)
 ParOldGen       total 90112K, used 64229K [0x00000000a0000000, 0x00000000a5800000, 0x00000000e0000000)
  object space 90112K, 71% used [0x00000000a0000000,0x00000000a3eb9750,0x00000000a5800000)
 Metaspace       used 73819K, capacity 76780K, committed 76888K, reserved 1116160K
  class space    used 9729K, capacity 10324K, committed 10368K, reserved 1048576K
Event: 59.752 GC heap after
Heap after GC invocations=23 (full 3):
 PSYoungGen      total 334336K, used 19888K [0x00000000e0000000, 0x00000000f6780000, 0x0000000100000000)
  eden space 308736K, 0% used [0x00000000e0000000,0x00000000e0000000,0x00000000f2d80000)
  from space 25600K, 77% used [0x00000000f4880000,0x00000000f5bec0f0,0x00000000f6180000)
  to   space 27648K, 0% used [0x00000000f2d80000,0x00000000f2d80000,0x00000000f4880000)
 ParOldGen       total 90112K, used 64237K [0x00000000a0000000, 0x00000000a5800000, 0x00000000e0000000)
  object space 90112K, 71% used [0x00000000a0000000,0x00000000a3ebb750,0x00000000a5800000)
 Metaspace       used 73819K, capacity 76780K, committed 76888K, reserved 1116160K
  class space    used 9729K, capacity 10324K, committed 10368K, reserved 1048576K
}
Event: 60.462 GC heap before
{Heap before GC invocations=24 (full 3):
 PSYoungGen      total 334336K, used 328624K [0x00000000e0000000, 0x00000000f6780000, 0x0000000100000000)
  eden space 308736K, 100% used [0x00000000e0000000,0x00000000f2d80000,0x00000000f2d80000)
  from space 25600K, 77% used [0x00000000f4880000,0x00000000f5bec0f0,0x00000000f6180000)
  to   space 27648K, 0% used [0x00000000f2d80000,0x00000000f2d80000,0x00000000f4880000)
 ParOldGen       total 90112K, used 64237K [0x00000000a0000000, 0x00000000a5800000, 0x00000000e0000000)
  object space 90112K, 71% used [0x00000000a0000000,0x00000000a3ebb750,0x00000000a5800000)
 Metaspace       used 73889K, capacity 76880K, committed 77144K, reserved 1116160K
  class space    used 9732K, capacity 10328K, committed 10368K, reserved 1048576K
Event: 60.496 GC heap after
Heap after GC invocations=24 (full 3):
 PSYoungGen      total 336384K, used 22392K [0x00000000e0000000, 0x00000000fa380000, 0x0000000100000000)
  eden space 308736K, 0% used [0x00000000e0000000,0x00000000e0000000,0x00000000f2d80000)
  from space 27648K, 80% used [0x00000000f2d80000,0x00000000f435e218,0x00000000f4880000)
  to   space 30208K, 0% used [0x00000000f8600000,0x00000000f8600000,0x00000000fa380000)
 ParOldGen       total 90112K, used 64245K [0x00000000a0000000, 0x00000000a5800000, 0x00000000e0000000)
  object space 90112K, 71% used [0x00000000a0000000,0x00000000a3ebd750,0x00000000a5800000)
 Metaspace       used 73889K, capacity 76880K, committed 77144K, reserved 1116160K
  class space    used 9732K, capacity 10328K, committed 10368K, reserved 1048576K
}
Event: 61.194 GC heap before
{Heap before GC invocations=25 (full 3):
 PSYoungGen      total 336384K, used 331128K [0x00000000e0000000, 0x00000000fa380000, 0x0000000100000000)
  eden space 308736K, 100% used [0x00000000e0000000,0x00000000f2d80000,0x00000000f2d80000)
  from space 27648K, 80% used [0x00000000f2d80000,0x00000000f435e218,0x00000000f4880000)
  to   space 30208K, 0% used [0x00000000f8600000,0x00000000f8600000,0x00000000fa380000)
 ParOldGen       total 90112K, used 64245K [0x00000000a0000000, 0x00000000a5800000, 0x00000000e0000000)
  object space 90112K, 71% used [0x00000000a0000000,0x00000000a3ebd750,0x00000000a5800000)
 Metaspace       used 73974K, capacity 76960K, committed 77144K, reserved 1116160K
  class space    used 9733K, capacity 10330K, committed 10368K, reserved 1048576K
Event: 61.224 GC heap after
Heap after GC invocations=25 (full 3):
 PSYoungGen      total 398336K, used 20407K [0x00000000e0000000, 0x00000000fa780000, 0x0000000100000000)
  eden space 368128K, 0% used [0x00000000e0000000,0x00000000e0000000,0x00000000f6780000)
  from space 30208K, 67% used [0x00000000f8600000,0x00000000f99ede18,0x00000000fa380000)
  to   space 31232K, 0% used [0x00000000f6780000,0x00000000f6780000,0x00000000f8600000)
 ParOldGen       total 90112K, used 67025K [0x00000000a0000000, 0x00000000a5800000, 0x00000000e0000000)
  object space 90112K, 74% used [0x00000000a0000000,0x00000000a4174780,0x00000000a5800000)
 Metaspace       used 73974K, capacity 76960K, committed 77144K, reserved 1116160K
  class space    used 9733K, capacity 10330K, committed 10368K, reserved 1048576K
}
Event: 62.040 GC heap before
{Heap before GC invocations=26 (full 3):
 PSYoungGen      total 398336K, used 388535K [0x00000000e0000000, 0x00000000fa780000, 0x0000000100000000)
  eden space 368128K, 100% used [0x00000000e0000000,0x00000000f6780000,0x00000000f6780000)
  from space 30208K, 67% used [0x00000000f8600000,0x00000000f99ede18,0x00000000fa380000)
  to   space 31232K, 0% used [0x00000000f6780000,0x00000000f6780000,0x00000000f8600000)
 ParOldGen       total 90112K, used 67025K [0x00000000a0000000, 0x00000000a5800000, 0x00000000e0000000)
  object space 90112K, 74% used [0x00000000a0000000,0x00000000a4174780,0x00000000a5800000)
 Metaspace       used 74003K, capacity 76982K, committed 77144K, reserved 1116160K
  class space    used 9735K, capacity 10333K, committed 10368K, reserved 1048576K
Event: 62.072 GC heap after
Heap after GC invocations=26 (full 3):
 PSYoungGen      total 399360K, used 21837K [0x00000000e0000000, 0x00000000fa780000, 0x0000000100000000)
  eden space 368128K, 0% used [0x00000000e0000000,0x00000000e0000000,0x00000000f6780000)
  from space 31232K, 69% used [0x00000000f6780000,0x00000000f7cd34f0,0x00000000f8600000)
  to   space 30208K, 0% used [0x00000000f8600000,0x00000000f8600000,0x00000000fa380000)
 ParOldGen       total 90112K, used 69849K [0x00000000a0000000, 0x00000000a5800000, 0x00000000e0000000)
  object space 90112K, 77% used [0x00000000a0000000,0x00000000a4436648,0x00000000a5800000)
 Metaspace       used 74003K, capacity 76982K, committed 77144K, reserved 1116160K
  class space    used 9735K, capacity 10333K, committed 10368K, reserved 1048576K
}
Event: 63.195 GC heap before
{Heap before GC invocations=27 (full 3):
 PSYoungGen      total 399360K, used 389965K [0x00000000e0000000, 0x00000000fa780000, 0x0000000100000000)
  eden space 368128K, 100% used [0x00000000e0000000,0x00000000f6780000,0x00000000f6780000)
  from space 31232K, 69% used [0x00000000f6780000,0x00000000f7cd34f0,0x00000000f8600000)
  to   space 30208K, 0% used [0x00000000f8600000,0x00000000f8600000,0x00000000fa380000)
 ParOldGen       total 90112K, used 73621K [0x00000000a0000000, 0x00000000a5800000, 0x00000000e0000000)
  object space 90112K, 81% used [0x00000000a0000000,0x00000000a47e5658,0x00000000a5800000)
 Metaspace       used 74038K, capacity 76982K, committed 77144K, reserved 1116160K
  class space    used 9735K, capacity 10333K, committed 10368K, reserved 1048576K
Event: 63.228 GC heap after
Heap after GC invocations=27 (full 3):
 PSYoungGen      total 398336K, used 21446K [0x00000000e0000000, 0x00000000fa780000, 0x0000000100000000)
  eden space 368128K, 0% used [0x00000000e0000000,0x00000000e0000000,0x00000000f6780000)
  from space 30208K, 70% used [0x00000000f8600000,0x00000000f9af1b80,0x00000000fa380000)
  to   space 31232K, 0% used [0x00000000f6780000,0x00000000f6780000,0x00000000f8600000)
 ParOldGen       total 90112K, used 76621K [0x00000000a0000000, 0x00000000a5800000, 0x00000000e0000000)
  object space 90112K, 85% used [0x00000000a0000000,0x00000000a4ad3678,0x00000000a5800000)
 Metaspace       used 74038K, capacity 76982K, committed 77144K, reserved 1116160K
  class space    used 9735K, capacity 10333K, committed 10368K, reserved 1048576K
}

Deoptimization events (10 events):
Event: 60.829 Thread 0x000000001ff3b000 Uncommon trap: reason=class_check action=maybe_recompile pc=0x00000000054c7f84 method=com.android.tools.r8.ir.analysis.g.e.b(Lcom/android/tools/r8/ir/code/Instruction;)V @ 241
Event: 60.953 Thread 0x000000001ff3b000 Uncommon trap: reason=unstable_if action=reinterpret pc=0x0000000004a0d5b0 method=com.android.tools.r8.graph.DexString.<init>(Ljava/lang/String;)V @ 32
Event: 60.963 Thread 0x000000001ff3b000 Uncommon trap: reason=class_check action=maybe_recompile pc=0x00000000054c7f84 method=com.android.tools.r8.ir.analysis.g.e.b(Lcom/android/tools/r8/ir/code/Instruction;)V @ 241
Event: 61.855 Thread 0x0000000019822000 Uncommon trap: reason=unstable_if action=reinterpret pc=0x00000000051d6b60 method=com.android.tools.r8.ir.optimize.PeepholeOptimizer.a(Lcom/android/tools/r8/ir/code/IRCode;Lcom/android/tools/r8/ir/regalloc/RegisterAllocator;I)V @ 787
Event: 61.888 Thread 0x0000000019822000 Uncommon trap: reason=unstable_if action=reinterpret pc=0x00000000054f3be0 method=com.android.tools.r8.ir.conversion.X.c(I)Lcom/android/tools/r8/graph/DebugLocalInfo; @ 51
Event: 62.023 Thread 0x0000000019822000 Uncommon trap: reason=unstable_if action=reinterpret pc=0x00000000055e9fd4 method=com.android.tools.r8.graph.DexDebugEventBuilder.a(IILcom/android/tools/r8/ir/code/Instruction;)V @ 862
Event: 63.719 Thread 0x000000001ff3b000 Uncommon trap: reason=bimorphic action=maybe_recompile pc=0x0000000004e49d24 method=com.android.tools.r8.graph.DexItem.collectIndexedItems(Lcom/android/tools/r8/dex/g;)V @ 4
Event: 63.719 Thread 0x000000001ff3b000 Uncommon trap: reason=bimorphic action=maybe_recompile pc=0x0000000004e49d24 method=com.android.tools.r8.graph.DexItem.collectIndexedItems(Lcom/android/tools/r8/dex/g;)V @ 4
Event: 63.719 Thread 0x000000001ff3b000 Uncommon trap: reason=bimorphic action=maybe_recompile pc=0x0000000004e49d24 method=com.android.tools.r8.graph.DexItem.collectIndexedItems(Lcom/android/tools/r8/dex/g;)V @ 4
Event: 63.752 Thread 0x000000001ff3b000 Uncommon trap: reason=bimorphic action=maybe_recompile pc=0x0000000004e49d24 method=com.android.tools.r8.graph.DexItem.collectIndexedItems(Lcom/android/tools/r8/dex/g;)V @ 4

Classes redefined (0 events):
No events

Internal exceptions (10 events):
Event: 62.197 Thread 0x000000001ff3b000 Exception <a 'sun/nio/fs/WindowsException'> (0x00000000e34c47f0) thrown at [D:\src\AOSP-openjdk-cygwin\jdk8u\hotspot\src\share\vm\prims\jni.cpp, line 710]
Event: 62.337 Thread 0x0000000019e31800 Exception <a 'sun/nio/fs/WindowsException'> (0x00000000e5bbc990) thrown at [D:\src\AOSP-openjdk-cygwin\jdk8u\hotspot\src\share\vm\prims\jni.cpp, line 710]
Event: 62.631 Thread 0x000000001ff3b000 Exception <a 'sun/nio/fs/WindowsException'> (0x00000000e35d0c10) thrown at [D:\src\AOSP-openjdk-cygwin\jdk8u\hotspot\src\share\vm\prims\jni.cpp, line 710]
Event: 62.732 Thread 0x000000001ff3b000 Exception <a 'sun/nio/fs/WindowsException'> (0x00000000eaebb010) thrown at [D:\src\AOSP-openjdk-cygwin\jdk8u\hotspot\src\share\vm\prims\jni.cpp, line 710]
Event: 62.733 Thread 0x0000000019822000 Exception <a 'sun/nio/fs/WindowsException'> (0x00000000e079e710) thrown at [D:\src\AOSP-openjdk-cygwin\jdk8u\hotspot\src\share\vm\prims\jni.cpp, line 710]
Event: 62.739 Thread 0x0000000019822000 Exception <a 'sun/nio/fs/WindowsException'> (0x00000000e0813a48) thrown at [D:\src\AOSP-openjdk-cygwin\jdk8u\hotspot\src\share\vm\prims\jni.cpp, line 710]
Event: 62.860 Thread 0x0000000019e31800 Exception <a 'sun/nio/fs/WindowsException'> (0x00000000ec68be20) thrown at [D:\src\AOSP-openjdk-cygwin\jdk8u\hotspot\src\share\vm\prims\jni.cpp, line 710]
Event: 63.100 Thread 0x000000001ff3b000 Exception <a 'sun/nio/fs/WindowsException'> (0x00000000f12ec298) thrown at [D:\src\AOSP-openjdk-cygwin\jdk8u\hotspot\src\share\vm\prims\jni.cpp, line 710]
Event: 63.508 Thread 0x0000000019822000 Exception <a 'sun/nio/fs/WindowsException'> (0x00000000e97bd700) thrown at [D:\src\AOSP-openjdk-cygwin\jdk8u\hotspot\src\share\vm\prims\jni.cpp, line 710]
Event: 63.760 Thread 0x000000001ff3b000 Exception <a 'sun/nio/fs/WindowsException'> (0x00000000f22b21e8) thrown at [D:\src\AOSP-openjdk-cygwin\jdk8u\hotspot\src\share\vm\prims\jni.cpp, line 710]

Events (10 events):
Event: 63.733 Thread 0x0000000019822000 DEOPT UNPACKING pc=0x00000000030e75d0 sp=0x000000001b0d7d50 mode 0
Event: 63.751 Thread 0x0000000019822000 DEOPT PACKING pc=0x0000000004aebf8a sp=0x000000001b0d8210
Event: 63.751 Thread 0x0000000019822000 DEOPT UNPACKING pc=0x00000000030e75d0 sp=0x000000001b0d8000 mode 0
Event: 63.752 Thread 0x000000001ff3b000 Uncommon trap: trap_request=0xffffffc6 fr.pc=0x0000000004e49d24
Event: 63.752 Thread 0x000000001ff3b000 DEOPT PACKING pc=0x0000000004e49d24 sp=0x000000002444b4e0
Event: 63.752 Thread 0x000000001ff3b000 DEOPT UNPACKING pc=0x00000000030e557b sp=0x000000002444b358 mode 2
Event: 63.759 Thread 0x0000000019e31800 DEOPT PACKING pc=0x0000000004adcae9 sp=0x000000002434a9a0
Event: 63.759 Thread 0x0000000019e31800 DEOPT UNPACKING pc=0x00000000030e75d0 sp=0x000000002434a858 mode 0
Event: 63.761 Thread 0x000000001ff3c000 DEOPT PACKING pc=0x000000000494632c sp=0x000000002454b0f0
Event: 63.761 Thread 0x000000001ff3c000 DEOPT UNPACKING pc=0x00000000030e75d0 sp=0x000000002454aea8 mode 0


Dynamic libraries:
0x00007ff6d46e0000 - 0x00007ff6d4711000 	C:\Program Files\Android\Android Studio\jre\bin\java.exe
0x00007ffddaf00000 - 0x00007ffddb0f0000 	C:\WINDOWS\SYSTEM32\ntdll.dll
0x00007ffdda4e0000 - 0x00007ffdda592000 	C:\WINDOWS\System32\KERNEL32.DLL
0x00007ffdd8c80000 - 0x00007ffdd8f23000 	C:\WINDOWS\System32\KERNELBASE.dll
0x00007ffdd96a0000 - 0x00007ffdd9743000 	C:\WINDOWS\System32\ADVAPI32.dll
0x00007ffddab90000 - 0x00007ffddac2e000 	C:\WINDOWS\System32\msvcrt.dll
0x00007ffdd9a90000 - 0x00007ffdd9b27000 	C:\WINDOWS\System32\sechost.dll
0x00007ffdda5a0000 - 0x00007ffdda6c0000 	C:\WINDOWS\System32\RPCRT4.dll
0x00007ffdd9020000 - 0x00007ffdd91b4000 	C:\WINDOWS\System32\USER32.dll
0x00007ffdd7f40000 - 0x00007ffdd7f61000 	C:\WINDOWS\System32\win32u.dll
0x00007ffddab30000 - 0x00007ffddab56000 	C:\WINDOWS\System32\GDI32.dll
0x00007ffdd7f70000 - 0x00007ffdd8104000 	C:\WINDOWS\System32\gdi32full.dll
0x00007ffdd8bb0000 - 0x00007ffdd8c4e000 	C:\WINDOWS\System32\msvcp_win.dll
0x00007ffdd8110000 - 0x00007ffdd820a000 	C:\WINDOWS\System32\ucrtbase.dll
0x00007ffdd0690000 - 0x00007ffdd0915000 	C:\WINDOWS\WinSxS\amd64_microsoft.windows.common-controls_6595b64144ccf1df_6.0.18362.778_none_e6c6b761130d4fb8\COMCTL32.dll
0x00007ffdd9750000 - 0x00007ffdd9a86000 	C:\WINDOWS\System32\combase.dll
0x00007ffdd8f30000 - 0x00007ffdd8fb0000 	C:\WINDOWS\System32\bcryptPrimitives.dll
0x00007ffddab60000 - 0x00007ffddab8e000 	C:\WINDOWS\System32\IMM32.DLL
0x0000000059490000 - 0x0000000059562000 	C:\Program Files\Android\Android Studio\jre\jre\bin\msvcr100.dll
0x0000000059650000 - 0x0000000059e96000 	C:\Program Files\Android\Android Studio\jre\jre\bin\server\jvm.dll
0x00007ffdd9b30000 - 0x00007ffdd9b38000 	C:\WINDOWS\System32\PSAPI.DLL
0x00007ffdd2610000 - 0x00007ffdd2619000 	C:\WINDOWS\SYSTEM32\WSOCK32.dll
0x00007ffdcb750000 - 0x00007ffdcb774000 	C:\WINDOWS\SYSTEM32\WINMM.dll
0x00007ffdd2bb0000 - 0x00007ffdd2bba000 	C:\WINDOWS\SYSTEM32\VERSION.dll
0x00007ffdd91c0000 - 0x00007ffdd922f000 	C:\WINDOWS\System32\WS2_32.dll
0x00007ffdcb720000 - 0x00007ffdcb74d000 	C:\WINDOWS\SYSTEM32\winmmbase.dll
0x00007ffdd8b60000 - 0x00007ffdd8baa000 	C:\WINDOWS\System32\cfgmgr32.dll
0x00007ffdd5d30000 - 0x00007ffdd5d3f000 	C:\Program Files\Android\Android Studio\jre\jre\bin\verify.dll
0x00007ffdd5ca0000 - 0x00007ffdd5cc9000 	C:\Program Files\Android\Android Studio\jre\jre\bin\java.dll
0x00007ffdd5c80000 - 0x00007ffdd5c96000 	C:\Program Files\Android\Android Studio\jre\jre\bin\zip.dll
0x00007ffdd9b40000 - 0x00007ffdda225000 	C:\WINDOWS\System32\SHELL32.dll
0x00007ffddac30000 - 0x00007ffddacd9000 	C:\WINDOWS\System32\shcore.dll
0x00007ffdd83e0000 - 0x00007ffdd8b60000 	C:\WINDOWS\System32\windows.storage.dll
0x00007ffdd7e10000 - 0x00007ffdd7e33000 	C:\WINDOWS\System32\profapi.dll
0x00007ffdd7e40000 - 0x00007ffdd7e8a000 	C:\WINDOWS\System32\powrprof.dll
0x00007ffdd7dc0000 - 0x00007ffdd7dd0000 	C:\WINDOWS\System32\UMPDC.dll
0x00007ffdda370000 - 0x00007ffdda3c2000 	C:\WINDOWS\System32\shlwapi.dll
0x00007ffdd7df0000 - 0x00007ffdd7e01000 	C:\WINDOWS\System32\kernel.appcore.dll
0x00007ffdd83c0000 - 0x00007ffdd83d7000 	C:\WINDOWS\System32\cryptsp.dll
0x00007ffdd5c60000 - 0x00007ffdd5c7a000 	C:\Program Files\Android\Android Studio\jre\jre\bin\net.dll
0x00007ffdd75d0000 - 0x00007ffdd7637000 	C:\WINDOWS\system32\mswsock.dll
0x00007ffdd5c40000 - 0x00007ffdd5c51000 	C:\Program Files\Android\Android Studio\jre\jre\bin\nio.dll
0x00007ffdc2fe0000 - 0x00007ffdc3006000 	C:\Users\Games\.gradle\native\29\windows-amd64\native-platform.dll
0x00007ffdd5be0000 - 0x00007ffdd5bed000 	C:\Program Files\Android\Android Studio\jre\jre\bin\management.dll
0x00007ffdd7140000 - 0x00007ffdd7173000 	C:\WINDOWS\system32\rsaenh.dll
0x00007ffdd8c50000 - 0x00007ffdd8c76000 	C:\WINDOWS\System32\bcrypt.dll
0x00007ffdd7ce0000 - 0x00007ffdd7d05000 	C:\WINDOWS\SYSTEM32\USERENV.dll
0x00007ffdd77a0000 - 0x00007ffdd77ac000 	C:\WINDOWS\SYSTEM32\CRYPTBASE.dll
0x00007ffdd72e0000 - 0x00007ffdd731a000 	C:\WINDOWS\SYSTEM32\IPHLPAPI.DLL
0x00007ffdda3f0000 - 0x00007ffdda3f8000 	C:\WINDOWS\System32\NSI.dll
0x00007ffdd2fb0000 - 0x00007ffdd2fc6000 	C:\WINDOWS\SYSTEM32\dhcpcsvc6.DLL
0x00007ffdd11e0000 - 0x00007ffdd11fc000 	C:\WINDOWS\SYSTEM32\dhcpcsvc.DLL
0x00007ffdd7320000 - 0x00007ffdd73ea000 	C:\WINDOWS\SYSTEM32\DNSAPI.dll

VM Arguments:
jvm_args: -Xmx1536m -Dfile.encoding=windows-1251 -Duser.country=RU -Duser.language=ru -Duser.variant 
java_command: org.gradle.launcher.daemon.bootstrap.GradleDaemon 5.4.1
java_class_path (initial): C:\Users\Games\.gradle\wrapper\dists\gradle-5.4.1-all\3221gyojl5jsh0helicew7rwx\gradle-5.4.1\lib\gradle-launcher-5.4.1.jar
Launcher Type: SUN_STANDARD

Environment Variables:
JAVA_HOME=C:\Program Files\Java\jdk-14.0.1\bin
PATH=C:\ProgramData\Oracle\Java\javapath;C:\WATCOM\BINNT;C:\WATCOM\BINW;C:\WINDOWS\system32;C:\WINDOWS;C:\WINDOWS\System32\Wbem;C:\WINDOWS\System32\WindowsPowerShell\v1.0\;C:\WINDOWS\System32\OpenSSH\;C:\Program Files\dotnet\;C:\Program Files\Microsoft SQL Server\130\Tools\Binn\;C:\Program Files\TortoiseGit\bin;C:\Program Files\Git\cmd;C:\Program Files\PuTTY\;C:\Program Files\Microsoft SQL Server\Client SDK\ODBC\170\Tools\Binn\;C:\Program Files (x86)\NVIDIA Corporation\PhysX\Common;C:\Program Files\NVIDIA Corporation\NVIDIA NvDLISR;C:\Program Files\Java\jdk-14.0.1\bin
USERNAME=Games
OS=Windows_NT
PROCESSOR_IDENTIFIER=Intel64 Family 6 Model 60 Stepping 3, GenuineIntel



---------------  S Y S T E M  ---------------

OS: Windows 10.0 , 64 bit Build 18362 (10.0.18362.778)

CPU:total 4 (initial active 4) (4 cores per cpu, 1 threads per core) family 6 model 60 stepping 3, cmov, cx8, fxsr, mmx, sse, sse2, sse3, ssse3, sse4.1, sse4.2, popcnt, avx, avx2, clmul, erms, lzcnt, tsc, tscinvbit, bmi1, bmi2

Memory: 4k page, physical 4136760k(332664k free), swap 13049656k(5380k free)

vm_info: OpenJDK 64-Bit Server VM (25.202-b03) for windows-amd64 JRE (1.8.0_202-release-1483-b03), built by "builder" with MS VC++ 10.0 (VS2010)

time: Sat May 02 21:23:06 2020
timezone: Новосибирское стандартное время
elapsed time: 63 seconds (0d 0h 1m 3s)

